#
# A fatal error has been detected by the Java Runtime Environment:
#
#  EXCEPTION_ACCESS_VIOLATION (0xc0000005) at pc=0x00007ffdafbaeded, pid=424, tid=9208
#
# JRE version: OpenJDK Runtime Environment (11.0.13) (build 11.0.13+0-b1751.21-8125866)
# Java VM: OpenJDK 64-Bit Server VM (11.0.13+0-b1751.21-8125866, mixed mode, tiered, compressed oops, g1 gc, windows-amd64)
# Problematic frame:
# V  [jvm.dll+0x2deded]
#
# No core dump will be written. Minidumps are not enabled by default on client versions of Windows
#
# If you would like to submit a bug report, please visit:
#   https://bugreport.java.com/bugreport/crash.jsp
#

---------------  S U M M A R Y ------------

Command Line: --add-opens=java.base/java.util=ALL-UNNAMED --add-opens=java.base/java.lang=ALL-UNNAMED --add-opens=java.base/java.lang.invoke=ALL-UNNAMED --add-opens=java.base/java.util=ALL-UNNAMED --add-opens=java.prefs/java.util.prefs=ALL-UNNAMED --add-opens=java.prefs/java.util.prefs=ALL-UNNAMED --add-opens=java.base/java.nio.charset=ALL-UNNAMED --add-opens=java.base/java.net=ALL-UNNAMED --add-opens=java.base/java.util.concurrent.atomic=ALL-UNNAMED -Xmx2048m -Dfile.encoding=UTF-8 -Duser.country=US -Duser.language=en -Duser.variant org.gradle.launcher.daemon.bootstrap.GradleDaemon 7.4

Host: Intel(R) Core(TM) i3-7100 CPU @ 3.90GHz, 4 cores, 11G,  Windows 10 , 64 bit Build 19041 (10.0.19041.2364)
Time: Fri Jan 13 15:45:33 2023 Bangladesh Standard Time elapsed time: 4496.774524 seconds (0d 1h 14m 56s)

---------------  T H R E A D  ---------------

Current thread (0x0000026be275a800):  GCTaskThread "GC Thread#3" [stack: 0x000000e762d00000,0x000000e762e00000] [id=9208]

Stack: [0x000000e762d00000,0x000000e762e00000],  sp=0x000000e762dff0b0,  free space=1020k
Native frames: (J=compiled Java code, j=interpreted, Vv=VM code, C=native code)
V  [jvm.dll+0x2deded]
V  [jvm.dll+0x30942f]
V  [jvm.dll+0x30a6c8]
V  [jvm.dll+0x2dbe62]
V  [jvm.dll+0x30889b]
V  [jvm.dll+0x3085ce]
V  [jvm.dll+0x31ab8a]
V  [jvm.dll+0x1d8084]
V  [jvm.dll+0x1d7ee5]
V  [jvm.dll+0x1d7fb3]
V  [jvm.dll+0x30853d]
V  [jvm.dll+0x1d8aca]
V  [jvm.dll+0x31bb1b]
V  [jvm.dll+0x31b6c8]
V  [jvm.dll+0x2e8032]
V  [jvm.dll+0x771260]
V  [jvm.dll+0x706a75]
V  [jvm.dll+0x60ed66]
C  [ucrtbase.dll+0x21bb2]
C  [KERNEL32.DLL+0x17614]
C  [ntdll.dll+0x526a1]


siginfo: EXCEPTION_ACCESS_VIOLATION (0xc0000005), reading address 0x00000000000000f8


Register to memory mapping:

RIP=0x00007ffdafbaeded jvm.dll
RAX=0x0000026bc7df5a00 points into unknown readable memory: 0x0000000000000000 | 00 00 00 00 00 00 00 00
RBX=0x0000026be3aa8080 points into unknown readable memory: 0x00007ffdb011d828 | 28 d8 11 b0 fd 7f 00 00
RCX=0x0 is NULL
RDX=0x0000026bc7e76a40 points into unknown readable memory: 0x00007ffdb01251a0 | a0 51 12 b0 fd 7f 00 00
RSP=0x000000e762dff0b0 points into unknown readable memory: 0x0000026be3aa81f0 | f0 81 aa e3 6b 02 00 00
RBP=0x0000026be3aa81f0 points into unknown readable memory: 0x00007ffdb011d7e0 | e0 d7 11 b0 fd 7f 00 00
RSI=0x00000001000442c8 is pointing into metadata
RDI=0x0000000086057638 is pointing into object: java.lang.invoke.LambdaForm$Name 
{0x0000000086057628} - klass: 'java/lang/invoke/LambdaForm$Name'
R8 =0x0000000086057640 is pointing into object: java.lang.invoke.LambdaForm$Name 
{0x0000000086057628} - klass: 'java/lang/invoke/LambdaForm$Name'
R9 =0x0 is NULL
R10=0x0000000086057640 is pointing into object: java.lang.invoke.LambdaForm$Name 
{0x0000000086057628} - klass: 'java/lang/invoke/LambdaForm$Name'
R11=0x0000026be3aa81f0 points into unknown readable memory: 0x00007ffdb011d7e0 | e0 d7 11 b0 fd 7f 00 00
R12=0x0000000000000004 is an unknown value
R13=0x0 is NULL
R14=0x00000001000442c8 is pointing into metadata
R15=0x0000000086057628 is an oop: java.lang.invoke.LambdaForm$Name 
{0x0000000086057628} - klass: 'java/lang/invoke/LambdaForm$Name'


Registers:
RAX=0x0000026bc7df5a00, RBX=0x0000026be3aa8080, RCX=0x0000000000000000, RDX=0x0000026bc7e76a40
RSP=0x000000e762dff0b0, RBP=0x0000026be3aa81f0, RSI=0x00000001000442c8, RDI=0x0000000086057638
R8 =0x0000000086057640, R9 =0x0000000000000000, R10=0x0000000086057640, R11=0x0000026be3aa81f0
R12=0x0000000000000004, R13=0x0000000000000000, R14=0x00000001000442c8, R15=0x0000000086057628
RIP=0x00007ffdafbaeded, EFLAGS=0x0000000000010246

Top of Stack: (sp=0x000000e762dff0b0)
0x000000e762dff0b0:   0000026be3aa81f0 0000000086057645
0x000000e762dff0c0:   0000026bc7de7b50 0000000086057619
0x000000e762dff0d0:   0000000086057640 00007ffdafbd942f
0x000000e762dff0e0:   0000000086057644 00007ffdafbda952
0x000000e762dff0f0:   0000000086057618 000000010004d280
0x000000e762dff100:   0000000089429210 0000000000000001
0x000000e762dff110:   0000000086057628 00007ffdafbda6c8
0x000000e762dff120:   0000000000000002 000000000000000d
0x000000e762dff130:   0000026be3aa8080 000000000000000d
0x000000e762dff140:   0000026bc7de7970 00007ffdafeb1997
0x000000e762dff150:   00000001c7ddc210 000000000000000d
0x000000e762dff160:   0000000000000000 0000026be3aa8080
0x000000e762dff170:   0000000000000040 0000026bc7de7bd0
0x000000e762dff180:   0000000000000000 0000026be3aa8080
0x000000e762dff190:   0000026bc7de3070 00007ffdafbabe62
0x000000e762dff1a0:   0000000000002e00 000000e762dff201 

Instructions: (pc=0x00007ffdafbaeded)
0x00007ffdafbaeced:   74 24 38 48 83 c4 20 5f c3 cc cc cc cc cc cc cc
0x00007ffdafbaecfd:   cc cc cc 48 89 5c 24 08 57 48 83 ec 20 48 8b 41
0x00007ffdafbaed0d:   18 48 8b da 48 83 cb 01 48 8b d3 48 8b 78 10 48
0x00007ffdafbaed1d:   8b cf e8 cc 7b 00 00 84 c0 75 29 48 81 c7 90 00
0x00007ffdafbaed2d:   00 00 48 8b 47 08 48 39 47 20 75 08 48 8b cf e8
0x00007ffdafbaed3d:   7f ce f5 ff 48 8b 4f 20 48 8b 47 38 48 89 1c c8
0x00007ffdafbaed4d:   48 ff 47 20 48 8b 5c 24 30 48 83 c4 20 5f c3 cc
0x00007ffdafbaed5d:   cc cc cc 48 89 5c 24 08 57 48 83 ec 20 48 8b 79
0x00007ffdafbaed6d:   10 48 8b da 48 83 cb 01 48 8b cf 48 8b d3 e8 70
0x00007ffdafbaed7d:   7b 00 00 84 c0 75 29 48 81 c7 90 00 00 00 48 8b
0x00007ffdafbaed8d:   47 08 48 39 47 20 75 08 48 8b cf e8 23 ce f5 ff
0x00007ffdafbaed9d:   48 8b 4f 20 48 8b 47 38 48 89 1c c8 48 ff 47 20
0x00007ffdafbaedad:   48 8b 5c 24 30 48 83 c4 20 5f c3 cc cc cc cc cc
0x00007ffdafbaedbd:   cc cc cc 40 53 48 83 ec 20 8b 82 04 01 00 00 48
0x00007ffdafbaedcd:   8b d9 d1 e8 a8 01 75 6b 48 8b 41 08 8b 88 c0 02
0x00007ffdafbaeddd:   00 00 48 8b 80 b0 02 00 00 49 d3 e9 4a 8b 0c c8
0x00007ffdafbaeded:   48 8b 81 f8 00 00 00 83 b8 18 01 00 00 00 74 43
0x00007ffdafbaedfd:   48 8b 4b 50 48 89 7c 24 30 49 c1 e8 09 48 8b 79
0x00007ffdafbaee0d:   48 48 2b 79 40 49 03 f8 48 8b d7 e8 93 c1 ff ff
0x00007ffdafbaee1d:   84 c0 74 1a 80 7b 28 00 48 8d 4b 18 74 10 48 8b
0x00007ffdafbaee2d:   43 50 48 8b 50 40 48 03 d7 e8 25 b0 37 00 48 8b
0x00007ffdafbaee3d:   7c 24 30 48 83 c4 20 5b c3 cc cc cc cc cc cc cc
0x00007ffdafbaee4d:   cc cc cc 48 89 5c 24 08 48 89 74 24 10 57 48 83
0x00007ffdafbaee5d:   ec 20 48 63 fa 48 8d 05 17 8c 56 00 45 33 c0 48
0x00007ffdafbaee6d:   89 01 48 8b f1 89 79 08 48 8b df 48 8d 0c fd 00
0x00007ffdafbaee7d:   00 00 00 41 8d 50 05 e8 37 8a dd ff 45 33 db 48
0x00007ffdafbaee8d:   89 46 10 4c 8d 4e 10 4c 8b d0 45 8b c3 85 ff 7e
0x00007ffdafbaee9d:   56 83 ff 02 72 51 8d 4f ff 48 63 d1 48 8d 04 d0
0x00007ffdafbaeead:   4d 3b d1 77 05 49 3b c1 73 3d 8b c7 25 01 00 00
0x00007ffdafbaeebd:   80 7d 07 ff c8 83 c8 fe ff c0 2b f8 0f 1f 80 00
0x00007ffdafbaeecd:   00 00 00 41 83 c0 02 44 3b c7 7c f7 8d 47 01 49
0x00007ffdafbaeedd:   8b fa 99 2b c2 d1 f8 48 63 c8 48 c1 e1 04 48 c1 


Stack slot to memory mapping:
stack at sp + 0 slots: 0x0000026be3aa81f0 points into unknown readable memory: 0x00007ffdb011d7e0 | e0 d7 11 b0 fd 7f 00 00
stack at sp + 1 slots: 0x0000000086057645 is pointing into object: java.lang.invoke.LambdaForm$Name 
{0x0000000086057628} - klass: 'java/lang/invoke/LambdaForm$Name'
stack at sp + 2 slots: 0x0000026bc7de7b50 points into unknown readable memory: 0x0000000000000d9f | 9f 0d 00 00 00 00 00 00
stack at sp + 3 slots: 0x0000000086057619 is pointing into object: [Ljava.lang.Object; 
{0x0000000086057608} - klass: 'java/lang/Object'[]
 - length: 3
stack at sp + 4 slots: 0x0000000086057640 is pointing into object: java.lang.invoke.LambdaForm$Name 
{0x0000000086057628} - klass: 'java/lang/invoke/LambdaForm$Name'
stack at sp + 5 slots: 0x00007ffdafbd942f jvm.dll
stack at sp + 6 slots: 0x0000000086057644 is pointing into object: java.lang.invoke.LambdaForm$Name 
{0x0000000086057628} - klass: 'java/lang/invoke/LambdaForm$Name'
stack at sp + 7 slots: 0x00007ffdafbda952 jvm.dll


---------------  P R O C E S S  ---------------

Threads class SMR info:
_java_thread_list=0x0000026be7589230, length=91, elements={
0x0000026bc7dcd000, 0x0000026be1a14800, 0x0000026be1a15800, 0x0000026be2264800,
0x0000026be2265000, 0x0000026be2269000, 0x0000026be226c000, 0x0000026be2270000,
0x0000026be22ce000, 0x0000026be23cb000, 0x0000026be45ef800, 0x0000026be4771000,
0x0000026be4692800, 0x0000026be459d000, 0x0000026be4599800, 0x0000026be459a800,
0x0000026be459c000, 0x0000026be4597000, 0x0000026be6443000, 0x0000026be6444800,
0x0000026be6441800, 0x0000026be6449800, 0x0000026be6448800, 0x0000026be5f1d800,
0x0000026be5f1f800, 0x0000026be8f8e000, 0x0000026be8f8b800, 0x0000026be8f8c000,
0x0000026be8f8e800, 0x0000026be91b2800, 0x0000026be91bd800, 0x0000026be91b2000,
0x0000026be91b6000, 0x0000026be91b4800, 0x0000026be91b3800, 0x0000026be91b5000,
0x0000026be91b6800, 0x0000026be91b1000, 0x0000026be91bb000, 0x0000026be91bb800,
0x0000026be91b7800, 0x0000026be91bc800, 0x0000026beeb07800, 0x0000026be91be000,
0x0000026be91b8800, 0x0000026be91bf000, 0x0000026be91ba000, 0x0000026be91b9000,
0x0000026be91bf800, 0x0000026be8f85800, 0x0000026be8f82800, 0x0000026be8f81000,
0x0000026be8f81800, 0x0000026be8f83000, 0x0000026be8f84000, 0x0000026be8f80000,
0x0000026be8f8a800, 0x0000026be8f87800, 0x0000026be8f89000, 0x0000026be8f88000,
0x0000026be8f8a000, 0x0000026be8f85000, 0x0000026be8f86800, 0x0000026be8f8d000,
0x0000026be5f1d000, 0x0000026be5f1e800, 0x0000026be5f18800, 0x0000026be5f1a800,
0x0000026be5f21000, 0x0000026be5f1b000, 0x0000026be5f21800, 0x0000026be5f1c000,
0x0000026be5f26800, 0x0000026be5f27800, 0x0000026be5f23800, 0x0000026be5f25000,
0x0000026be5f26000, 0x0000026be5f24000, 0x0000026be6444000, 0x0000026be644b000,
0x0000026be6445800, 0x0000026be644c000, 0x0000026be6446800, 0x0000026be644d800,
0x0000026be644d000, 0x0000026be644e800, 0x0000026be644f800, 0x0000026be459d800,
0x0000026be459b000, 0x0000026be4598000, 0x0000026be4599000
}

Java Threads: ( => current thread )
  0x0000026bc7dcd000 JavaThread "main" [_thread_blocked, id=11556, stack(0x000000e761900000,0x000000e761a00000)]
  0x0000026be1a14800 JavaThread "Reference Handler" daemon [_thread_blocked, id=5020, stack(0x000000e762000000,0x000000e762100000)]
  0x0000026be1a15800 JavaThread "Finalizer" daemon [_thread_blocked, id=10696, stack(0x000000e762100000,0x000000e762200000)]
  0x0000026be2264800 JavaThread "Signal Dispatcher" daemon [_thread_blocked, id=11252, stack(0x000000e762200000,0x000000e762300000)]
  0x0000026be2265000 JavaThread "Attach Listener" daemon [_thread_blocked, id=9640, stack(0x000000e762300000,0x000000e762400000)]
  0x0000026be2269000 JavaThread "Service Thread" daemon [_thread_blocked, id=3652, stack(0x000000e762400000,0x000000e762500000)]
  0x0000026be226c000 JavaThread "C2 CompilerThread0" daemon [_thread_blocked, id=4800, stack(0x000000e762500000,0x000000e762600000)]
  0x0000026be2270000 JavaThread "C1 CompilerThread0" daemon [_thread_blocked, id=8832, stack(0x000000e762600000,0x000000e762700000)]
  0x0000026be22ce000 JavaThread "Sweeper thread" daemon [_thread_blocked, id=1812, stack(0x000000e762700000,0x000000e762800000)]
  0x0000026be23cb000 JavaThread "Common-Cleaner" daemon [_thread_blocked, id=9876, stack(0x000000e762800000,0x000000e762900000)]
  0x0000026be45ef800 JavaThread "Daemon health stats" [_thread_blocked, id=5464, stack(0x000000e762e00000,0x000000e762f00000)]
  0x0000026be4771000 JavaThread "Incoming local TCP Connector on port 54120" [_thread_in_native, id=5452, stack(0x000000e762f00000,0x000000e763000000)]
  0x0000026be4692800 JavaThread "Daemon periodic checks" [_thread_blocked, id=8444, stack(0x000000e763000000,0x000000e763100000)]
  0x0000026be459d000 JavaThread "Cache worker for journal cache (C:\Users\Administrator\.gradle\caches\journal-1)" [_thread_blocked, id=876, stack(0x000000e763800000,0x000000e763900000)]
  0x0000026be4599800 JavaThread "File lock request listener" [_thread_in_native, id=8060, stack(0x000000e763900000,0x000000e763a00000)]
  0x0000026be459a800 JavaThread "Cache worker for file hash cache (C:\Users\Administrator\.gradle\caches\7.4\fileHashes)" [_thread_blocked, id=9576, stack(0x000000e763a00000,0x000000e763b00000)]
  0x0000026be459c000 JavaThread "File watcher server" daemon [_thread_blocked, id=6316, stack(0x000000e763b00000,0x000000e763c00000)]
  0x0000026be4597000 JavaThread "File watcher consumer" daemon [_thread_blocked, id=9960, stack(0x000000e763c00000,0x000000e763d00000)]
  0x0000026be6443000 JavaThread "Cache worker for execution history cache (C:\Users\Administrator\.gradle\caches\7.4\executionHistory)" [_thread_blocked, id=8772, stack(0x000000e764100000,0x000000e764200000)]
  0x0000026be6444800 JavaThread "jar transforms" [_thread_blocked, id=2752, stack(0x000000e764200000,0x000000e764300000)]
  0x0000026be6441800 JavaThread "Cache worker for file content cache (C:\Users\Administrator\.gradle\caches\7.4\fileContent)" [_thread_blocked, id=8744, stack(0x000000e764300000,0x000000e764400000)]
  0x0000026be6449800 JavaThread "jar transforms Thread 2" [_thread_blocked, id=1396, stack(0x000000e764400000,0x000000e764500000)]
  0x0000026be6448800 JavaThread "jar transforms Thread 3" [_thread_blocked, id=976, stack(0x000000e764600000,0x000000e764700000)]
  0x0000026be5f1d800 JavaThread "jar transforms Thread 4" [_thread_blocked, id=1644, stack(0x000000e767000000,0x000000e767100000)]
  0x0000026be5f1f800 JavaThread "Memory manager" [_thread_blocked, id=840, stack(0x000000e767100000,0x000000e767200000)]
  0x0000026be8f8e000 JavaThread "RMI Scheduler(0)" daemon [_thread_blocked, id=9736, stack(0x000000e763500000,0x000000e763600000)]
  0x0000026be8f8b800 JavaThread "RMI GC Daemon" daemon [_thread_blocked, id=8312, stack(0x000000e767800000,0x000000e767900000)]
  0x0000026be8f8c000 JavaThread "RMI TCP Accept-0" daemon [_thread_in_native, id=11060, stack(0x000000e767900000,0x000000e767a00000)]
  0x0000026be8f8e800 JavaThread "RMI Reaper" [_thread_blocked, id=3900, stack(0x000000e767a00000,0x000000e767b00000)]
  0x0000026be91b2800 JavaThread "Cache worker for Java compile cache (C:\Users\Administrator\.gradle\caches\7.4\javaCompile)" [_thread_blocked, id=4740, stack(0x000000e767b00000,0x000000e767c00000)]
  0x0000026be91bd800 JavaThread "ForkJoinPool.commonPool-worker-7" daemon [_thread_blocked, id=9164, stack(0x000000e768700000,0x000000e768800000)]
  0x0000026be91b2000 JavaThread "Daemon Thread 3" [_thread_blocked, id=8292, stack(0x000000e761600000,0x000000e761700000)]
  0x0000026be91b6000 JavaThread "Handler for socket connection from /127.0.0.1:54120 to /127.0.0.1:55705" [_thread_in_native, id=8196, stack(0x000000e761700000,0x000000e761800000)]
  0x0000026be91b4800 JavaThread "Cancel handler" [_thread_blocked, id=7840, stack(0x000000e761800000,0x000000e761900000)]
  0x0000026be91b3800 JavaThread "Daemon worker Thread 3" [_thread_blocked, id=7944, stack(0x000000e762a00000,0x000000e762b00000)]
  0x0000026be91b5000 JavaThread "Asynchronous log dispatcher for DefaultDaemonConnection: socket connection from /127.0.0.1:54120 to /127.0.0.1:55705" [_thread_blocked, id=3380, stack(0x000000e763100000,0x000000e763200000)]
  0x0000026be91b6800 JavaThread "Stdin handler" [_thread_blocked, id=5664, stack(0x000000e763200000,0x000000e763300000)]
  0x0000026be91b1000 JavaThread "Daemon client event forwarder" [_thread_blocked, id=9328, stack(0x000000e763300000,0x000000e763400000)]
  0x0000026be91bb000 JavaThread "Cache worker for checksums cache (P:\GuessingGame\.gradle\7.4\checksums)" [_thread_blocked, id=5372, stack(0x000000e763400000,0x000000e763500000)]
  0x0000026be91bb800 JavaThread "Cache worker for cache directory md-rule (C:\Users\Administrator\.gradle\caches\7.4\md-rule)" [_thread_blocked, id=8640, stack(0x000000e763600000,0x000000e763700000)]
  0x0000026be91b7800 JavaThread "Cache worker for file hash cache (P:\GuessingGame\.gradle\7.4\fileHashes)" [_thread_blocked, id=10864, stack(0x000000e763700000,0x000000e763800000)]
  0x0000026be91bc800 JavaThread "Cache worker for cache directory md-supplier (C:\Users\Administrator\.gradle\caches\7.4\md-supplier)" [_thread_blocked, id=9016, stack(0x000000e763d00000,0x000000e763e00000)]
  0x0000026beeb07800 JavaThread "C2 CompilerThread1" daemon [_thread_blocked, id=5064, stack(0x000000e763e00000,0x000000e763f00000)]
  0x0000026be91be000 JavaThread "Cache worker for dependencies-accessors (P:\GuessingGame\.gradle\7.4\dependencies-accessors)" [_thread_blocked, id=2924, stack(0x000000e763f00000,0x000000e764000000)]
  0x0000026be91b8800 JavaThread "Cache worker for Build Output Cleanup Cache (P:\GuessingGame\.gradle\buildOutputCleanup)" [_thread_blocked, id=7648, stack(0x000000e764000000,0x000000e764100000)]
  0x0000026be91bf000 JavaThread "Unconstrained build operations" [_thread_blocked, id=8960, stack(0x000000e764500000,0x000000e764600000)]
  0x0000026be91ba000 JavaThread "Unconstrained build operations Thread 2" [_thread_blocked, id=7656, stack(0x000000e764700000,0x000000e764800000)]
  0x0000026be91b9000 JavaThread "Unconstrained build operations Thread 3" [_thread_blocked, id=3256, stack(0x000000e764800000,0x000000e764900000)]
  0x0000026be91bf800 JavaThread "Unconstrained build operations Thread 4" [_thread_blocked, id=4484, stack(0x000000e764900000,0x000000e764a00000)]
  0x0000026be8f85800 JavaThread "Unconstrained build operations Thread 5" [_thread_blocked, id=5396, stack(0x000000e764a00000,0x000000e764b00000)]
  0x0000026be8f82800 JavaThread "Unconstrained build operations Thread 6" [_thread_blocked, id=10608, stack(0x000000e764b00000,0x000000e764c00000)]
  0x0000026be8f81000 JavaThread "Unconstrained build operations Thread 7" [_thread_blocked, id=11960, stack(0x000000e764c00000,0x000000e764d00000)]
  0x0000026be8f81800 JavaThread "Unconstrained build operations Thread 8" [_thread_blocked, id=3084, stack(0x000000e764d00000,0x000000e764e00000)]
  0x0000026be8f83000 JavaThread "Unconstrained build operations Thread 9" [_thread_blocked, id=6692, stack(0x000000e764e00000,0x000000e764f00000)]
  0x0000026be8f84000 JavaThread "Unconstrained build operations Thread 10" [_thread_blocked, id=11324, stack(0x000000e764f00000,0x000000e765000000)]
  0x0000026be8f80000 JavaThread "Unconstrained build operations Thread 11" [_thread_blocked, id=4992, stack(0x000000e765000000,0x000000e765100000)]
  0x0000026be8f8a800 JavaThread "Unconstrained build operations Thread 12" [_thread_blocked, id=12028, stack(0x000000e765100000,0x000000e765200000)]
  0x0000026be8f87800 JavaThread "Unconstrained build operations Thread 13" [_thread_blocked, id=8416, stack(0x000000e765200000,0x000000e765300000)]
  0x0000026be8f89000 JavaThread "Unconstrained build operations Thread 14" [_thread_blocked, id=7428, stack(0x000000e765300000,0x000000e765400000)]
  0x0000026be8f88000 JavaThread "Unconstrained build operations Thread 15" [_thread_blocked, id=1708, stack(0x000000e765400000,0x000000e765500000)]
  0x0000026be8f8a000 JavaThread "Unconstrained build operations Thread 16" [_thread_blocked, id=11572, stack(0x000000e765500000,0x000000e765600000)]
  0x0000026be8f85000 JavaThread "Unconstrained build operations Thread 17" [_thread_blocked, id=6424, stack(0x000000e765600000,0x000000e765700000)]
  0x0000026be8f86800 JavaThread "Unconstrained build operations Thread 18" [_thread_blocked, id=8332, stack(0x000000e765700000,0x000000e765800000)]
  0x0000026be8f8d000 JavaThread "Unconstrained build operations Thread 19" [_thread_blocked, id=5472, stack(0x000000e765800000,0x000000e765900000)]
  0x0000026be5f1d000 JavaThread "Unconstrained build operations Thread 20" [_thread_blocked, id=2816, stack(0x000000e765900000,0x000000e765a00000)]
  0x0000026be5f1e800 JavaThread "Unconstrained build operations Thread 21" [_thread_blocked, id=11312, stack(0x000000e765a00000,0x000000e765b00000)]
  0x0000026be5f18800 JavaThread "Unconstrained build operations Thread 22" [_thread_blocked, id=4528, stack(0x000000e765b00000,0x000000e765c00000)]
  0x0000026be5f1a800 JavaThread "Unconstrained build operations Thread 23" [_thread_blocked, id=11068, stack(0x000000e765c00000,0x000000e765d00000)]
  0x0000026be5f21000 JavaThread "Unconstrained build operations Thread 24" [_thread_blocked, id=1760, stack(0x000000e765d00000,0x000000e765e00000)]
  0x0000026be5f1b000 JavaThread "Unconstrained build operations Thread 25" [_thread_blocked, id=11840, stack(0x000000e765e00000,0x000000e765f00000)]
  0x0000026be5f21800 JavaThread "Unconstrained build operations Thread 26" [_thread_blocked, id=8708, stack(0x000000e765f00000,0x000000e766000000)]
  0x0000026be5f1c000 JavaThread "Unconstrained build operations Thread 27" [_thread_blocked, id=3336, stack(0x000000e766000000,0x000000e766100000)]
  0x0000026be5f26800 JavaThread "Unconstrained build operations Thread 28" [_thread_blocked, id=8680, stack(0x000000e766100000,0x000000e766200000)]
  0x0000026be5f27800 JavaThread "Unconstrained build operations Thread 29" [_thread_blocked, id=7032, stack(0x000000e766200000,0x000000e766300000)]
  0x0000026be5f23800 JavaThread "Unconstrained build operations Thread 30" [_thread_blocked, id=1216, stack(0x000000e766300000,0x000000e766400000)]
  0x0000026be5f25000 JavaThread "Unconstrained build operations Thread 31" [_thread_blocked, id=9056, stack(0x000000e766400000,0x000000e766500000)]
  0x0000026be5f26000 JavaThread "Unconstrained build operations Thread 32" [_thread_blocked, id=3360, stack(0x000000e766500000,0x000000e766600000)]
  0x0000026be5f24000 JavaThread "Unconstrained build operations Thread 33" [_thread_blocked, id=12100, stack(0x000000e766600000,0x000000e766700000)]
  0x0000026be6444000 JavaThread "Unconstrained build operations Thread 34" [_thread_blocked, id=5012, stack(0x000000e766700000,0x000000e766800000)]
  0x0000026be644b000 JavaThread "Unconstrained build operations Thread 35" [_thread_blocked, id=740, stack(0x000000e766800000,0x000000e766900000)]
  0x0000026be6445800 JavaThread "Unconstrained build operations Thread 36" [_thread_blocked, id=3720, stack(0x000000e766900000,0x000000e766a00000)]
  0x0000026be644c000 JavaThread "Unconstrained build operations Thread 37" [_thread_blocked, id=3400, stack(0x000000e766a00000,0x000000e766b00000)]
  0x0000026be6446800 JavaThread "Unconstrained build operations Thread 38" [_thread_blocked, id=11728, stack(0x000000e766b00000,0x000000e766c00000)]
  0x0000026be644d800 JavaThread "Unconstrained build operations Thread 39" [_thread_blocked, id=10416, stack(0x000000e766c00000,0x000000e766d00000)]
  0x0000026be644d000 JavaThread "Unconstrained build operations Thread 40" [_thread_blocked, id=3916, stack(0x000000e766d00000,0x000000e766e00000)]
  0x0000026be644e800 JavaThread "build event listener" [_thread_blocked, id=6452, stack(0x000000e766e00000,0x000000e766f00000)]
  0x0000026be644f800 JavaThread "included builds" [_thread_blocked, id=7192, stack(0x000000e766f00000,0x000000e767000000)]
  0x0000026be459d800 JavaThread "Execution worker for ':'" [_thread_blocked, id=684, stack(0x000000e767200000,0x000000e767300000)]
  0x0000026be459b000 JavaThread "Execution worker for ':' Thread 2" [_thread_blocked, id=2764, stack(0x000000e767300000,0x000000e767400000)]
  0x0000026be4598000 JavaThread "Execution worker for ':' Thread 3" [_thread_blocked, id=9992, stack(0x000000e767400000,0x000000e767500000)]
  0x0000026be4599000 JavaThread "Cache worker for execution history cache (P:\GuessingGame\.gradle\7.4\executionHistory)" [_thread_blocked, id=2892, stack(0x000000e767500000,0x000000e767600000)]

Other Threads:
  0x0000026be19fc800 VMThread "VM Thread" [stack: 0x000000e761f00000,0x000000e762000000] [id=4532]
  0x0000026be23e9000 WatcherThread [stack: 0x000000e762900000,0x000000e762a00000] [id=7640]
  0x0000026bc7de6800 GCTaskThread "GC Thread#0" [stack: 0x000000e761a00000,0x000000e761b00000] [id=10656]
  0x0000026be296f800 GCTaskThread "GC Thread#1" [stack: 0x000000e762b00000,0x000000e762c00000] [id=9860]
  0x0000026be2970000 GCTaskThread "GC Thread#2" [stack: 0x000000e762c00000,0x000000e762d00000] [id=3880]
=>0x0000026be275a800 GCTaskThread "GC Thread#3" [stack: 0x000000e762d00000,0x000000e762e00000] [id=9208]
  0x0000026bc7e16000 ConcurrentGCThread "G1 Main Marker" [stack: 0x000000e761b00000,0x000000e761c00000] [id=11676]
  0x0000026bc7e17800 ConcurrentGCThread "G1 Conc#0" [stack: 0x000000e761c00000,0x000000e761d00000] [id=7016]
  0x0000026be184e800 ConcurrentGCThread "G1 Refine#0" [stack: 0x000000e761d00000,0x000000e761e00000] [id=9940]
  0x0000026bc7eae800 ConcurrentGCThread "G1 Young RemSet Sampling" [stack: 0x000000e761e00000,0x000000e761f00000] [id=10972]

Threads with active compile tasks:
C2 CompilerThread04496808 15699       4       org.gradle.api.internal.artifacts.ivyservice.resolveengine.result.DesugaredAttributeContainerSerializer::read (155 bytes)
C2 CompilerThread14496808 15703       4       org.gradle.internal.component.external.model.DefaultModuleComponentSelector::newSelector (90 bytes)

VM state:at safepoint (normal execution)

VM Mutex/Monitor currently owned by a thread:  ([mutex/lock_event])
[0x0000026bc7dcaa30] Threads_lock - owner thread: 0x0000026be19fc800
[0x0000026bc7dc97a0] Heap_lock - owner thread: 0x0000026be644f800

Heap address: 0x0000000080000000, size: 2048 MB, Compressed Oops mode: 32-bit
Narrow klass base: 0x0000000000000000, Narrow klass shift: 3
Compressed class space size: 1073741824 Address: 0x0000000100000000

Heap:
 garbage-first heap   total 284672K, used 116736K [0x0000000080000000, 0x0000000100000000)
  region size 1024K, 3 young (3072K), 2 survivors (2048K)
 Metaspace       used 115399K, capacity 118751K, committed 118976K, reserved 1153024K
  class space    used 15012K, capacity 16307K, committed 16416K, reserved 1048576K
Heap Regions: E=young(eden), S=young(survivor), O=old, HS=humongous(starts), HC=humongous(continues), CS=collection set, F=free, A=archive, TAMS=top-at-mark-start (previous, next)
|   0|0x0000000080000000, 0x0000000080100000, 0x0000000080100000|100%|HS|  |TAMS 0x0000000080100000, 0x0000000080000000| Complete 
|   1|0x0000000080100000, 0x0000000080200000, 0x0000000080200000|100%|HC|  |TAMS 0x0000000080200000, 0x0000000080100000| Complete 
|   2|0x0000000080200000, 0x0000000080300000, 0x0000000080300000|100%|HC|  |TAMS 0x0000000080300000, 0x0000000080200000| Complete 
|   3|0x0000000080300000, 0x0000000080400000, 0x0000000080400000|100%| O|  |TAMS 0x0000000080400000, 0x0000000080300000| Untracked 
|   4|0x0000000080400000, 0x0000000080500000, 0x0000000080500000|100%| O|  |TAMS 0x0000000080500000, 0x0000000080400000| Untracked 
|   5|0x0000000080500000, 0x0000000080600000, 0x0000000080600000|100%| O|  |TAMS 0x0000000080600000, 0x0000000080500000| Untracked 
|   6|0x0000000080600000, 0x0000000080700000, 0x0000000080700000|100%| O|  |TAMS 0x0000000080700000, 0x0000000080600000| Untracked 
|   7|0x0000000080700000, 0x0000000080800000, 0x0000000080800000|100%| O|  |TAMS 0x0000000080800000, 0x0000000080700000| Untracked 
|   8|0x0000000080800000, 0x0000000080900000, 0x0000000080900000|100%| O|  |TAMS 0x0000000080900000, 0x0000000080800000| Untracked 
|   9|0x0000000080900000, 0x0000000080a00000, 0x0000000080a00000|100%| O|  |TAMS 0x0000000080a00000, 0x0000000080900000| Untracked 
|  10|0x0000000080a00000, 0x0000000080b00000, 0x0000000080b00000|100%| O|  |TAMS 0x0000000080b00000, 0x0000000080a00000| Complete 
|  11|0x0000000080b00000, 0x0000000080c00000, 0x0000000080c00000|100%| O|  |TAMS 0x0000000080c00000, 0x0000000080b00000| Untracked 
|  12|0x0000000080c00000, 0x0000000080d00000, 0x0000000080d00000|100%| O|  |TAMS 0x0000000080d00000, 0x0000000080c00000| Untracked 
|  13|0x0000000080d00000, 0x0000000080e00000, 0x0000000080e00000|100%| O|  |TAMS 0x0000000080e00000, 0x0000000080d00000| Untracked 
|  14|0x0000000080e00000, 0x0000000080f00000, 0x0000000080f00000|100%| O|  |TAMS 0x0000000080f00000, 0x0000000080e00000| Untracked 
|  15|0x0000000080f00000, 0x0000000081000000, 0x0000000081000000|100%| O|  |TAMS 0x0000000081000000, 0x0000000080f00000| Untracked 
|  16|0x0000000081000000, 0x0000000081100000, 0x0000000081100000|100%| O|  |TAMS 0x0000000081100000, 0x0000000081000000| Untracked 
|  17|0x0000000081100000, 0x0000000081200000, 0x0000000081200000|100%|HS|  |TAMS 0x0000000081200000, 0x0000000081100000| Complete 
|  18|0x0000000081200000, 0x0000000081300000, 0x0000000081300000|100%|HS|  |TAMS 0x0000000081300000, 0x0000000081200000| Complete 
|  19|0x0000000081300000, 0x0000000081400000, 0x0000000081400000|100%| O|  |TAMS 0x0000000081400000, 0x0000000081300000| Complete 
|  20|0x0000000081400000, 0x0000000081500000, 0x0000000081500000|100%|HS|  |TAMS 0x0000000081500000, 0x0000000081400000| Complete 
|  21|0x0000000081500000, 0x0000000081600000, 0x0000000081600000|100%|HS|  |TAMS 0x0000000081600000, 0x0000000081500000| Complete 
|  22|0x0000000081600000, 0x0000000081700000, 0x0000000081700000|100%|HC|  |TAMS 0x0000000081700000, 0x0000000081600000| Complete 
|  23|0x0000000081700000, 0x0000000081800000, 0x0000000081800000|100%|HC|  |TAMS 0x0000000081800000, 0x0000000081700000| Complete 
|  24|0x0000000081800000, 0x0000000081900000, 0x0000000081900000|100%|HC|  |TAMS 0x0000000081900000, 0x0000000081800000| Complete 
|  25|0x0000000081900000, 0x0000000081a00000, 0x0000000081a00000|100%| O|  |TAMS 0x0000000081a00000, 0x0000000081900000| Untracked 
|  26|0x0000000081a00000, 0x0000000081b00000, 0x0000000081b00000|100%|HS|  |TAMS 0x0000000081b00000, 0x0000000081a00000| Complete 
|  27|0x0000000081b00000, 0x0000000081c00000, 0x0000000081c00000|100%|HC|  |TAMS 0x0000000081c00000, 0x0000000081b00000| Complete 
|  28|0x0000000081c00000, 0x0000000081d00000, 0x0000000081d00000|100%| O|  |TAMS 0x0000000081d00000, 0x0000000081c00000| Complete 
|  29|0x0000000081d00000, 0x0000000081e00000, 0x0000000081e00000|100%| O|  |TAMS 0x0000000081e00000, 0x0000000081d00000| Complete 
|  30|0x0000000081e00000, 0x0000000081f00000, 0x0000000081f00000|100%| O|  |TAMS 0x0000000081f00000, 0x0000000081e00000| Untracked 
|  31|0x0000000081f00000, 0x0000000082000000, 0x0000000082000000|100%| O|  |TAMS 0x0000000082000000, 0x0000000081f00000| Complete 
|  32|0x0000000082000000, 0x0000000082100000, 0x0000000082100000|100%| O|  |TAMS 0x0000000082100000, 0x0000000082000000| Untracked 
|  33|0x0000000082100000, 0x0000000082200000, 0x0000000082200000|100%| O|  |TAMS 0x0000000082200000, 0x0000000082100000| Complete 
|  34|0x0000000082200000, 0x0000000082300000, 0x0000000082300000|100%| O|  |TAMS 0x0000000082300000, 0x0000000082200000| Untracked 
|  35|0x0000000082300000, 0x0000000082400000, 0x0000000082400000|100%| O|  |TAMS 0x0000000082400000, 0x0000000082300000| Untracked 
|  36|0x0000000082400000, 0x0000000082500000, 0x0000000082500000|100%| O|  |TAMS 0x0000000082500000, 0x0000000082400000| Untracked 
|  37|0x0000000082500000, 0x0000000082600000, 0x0000000082600000|100%| O|  |TAMS 0x0000000082600000, 0x0000000082500000| Untracked 
|  38|0x0000000082600000, 0x0000000082700000, 0x0000000082700000|100%| O|  |TAMS 0x0000000082700000, 0x0000000082600000| Complete 
|  39|0x0000000082700000, 0x0000000082800000, 0x0000000082800000|100%| O|  |TAMS 0x0000000082800000, 0x0000000082700000| Complete 
|  40|0x0000000082800000, 0x0000000082900000, 0x0000000082900000|100%| O|  |TAMS 0x0000000082900000, 0x0000000082800000| Complete 
|  41|0x0000000082900000, 0x0000000082a00000, 0x0000000082a00000|100%| O|  |TAMS 0x0000000082a00000, 0x0000000082900000| Complete 
|  42|0x0000000082a00000, 0x0000000082b00000, 0x0000000082b00000|100%| O|  |TAMS 0x0000000082b00000, 0x0000000082a00000| Complete 
|  43|0x0000000082b00000, 0x0000000082c00000, 0x0000000082c00000|100%| O|  |TAMS 0x0000000082c00000, 0x0000000082b00000| Complete 
|  44|0x0000000082c00000, 0x0000000082d00000, 0x0000000082d00000|100%| O|  |TAMS 0x0000000082d00000, 0x0000000082c00000| Complete 
|  45|0x0000000082d00000, 0x0000000082e00000, 0x0000000082e00000|100%| O|CS|TAMS 0x0000000082e00000, 0x0000000082d00000| Complete 
|  46|0x0000000082e00000, 0x0000000082f00000, 0x0000000082f00000|100%| O|CS|TAMS 0x0000000082f00000, 0x0000000082e00000| Complete 
|  47|0x0000000082f00000, 0x0000000083000000, 0x0000000083000000|100%| O|  |TAMS 0x0000000083000000, 0x0000000082f00000| Complete 
|  48|0x0000000083000000, 0x0000000083100000, 0x0000000083100000|100%| O|  |TAMS 0x0000000083100000, 0x0000000083000000| Complete 
|  49|0x0000000083100000, 0x0000000083200000, 0x0000000083200000|100%| O|  |TAMS 0x0000000083200000, 0x0000000083100000| Complete 
|  50|0x0000000083200000, 0x0000000083300000, 0x0000000083300000|100%| O|  |TAMS 0x0000000083300000, 0x0000000083200000| Complete 
|  51|0x0000000083300000, 0x0000000083400000, 0x0000000083400000|100%| O|  |TAMS 0x0000000083400000, 0x0000000083300000| Complete 
|  52|0x0000000083400000, 0x0000000083500000, 0x0000000083500000|100%| O|  |TAMS 0x0000000083500000, 0x0000000083400000| Complete 
|  53|0x0000000083500000, 0x0000000083600000, 0x0000000083600000|100%| O|  |TAMS 0x0000000083600000, 0x0000000083500000| Complete 
|  54|0x0000000083600000, 0x0000000083700000, 0x0000000083700000|100%| O|  |TAMS 0x0000000083700000, 0x0000000083600000| Complete 
|  55|0x0000000083700000, 0x0000000083800000, 0x0000000083800000|100%| O|CS|TAMS 0x0000000083800000, 0x0000000083700000| Complete 
|  56|0x0000000083800000, 0x0000000083900000, 0x0000000083900000|100%| O|CS|TAMS 0x0000000083900000, 0x0000000083800000| Complete 
|  57|0x0000000083900000, 0x0000000083a00000, 0x0000000083a00000|100%| O|CS|TAMS 0x0000000083a00000, 0x0000000083900000| Complete 
|  58|0x0000000083a00000, 0x0000000083b00000, 0x0000000083b00000|100%| O|  |TAMS 0x0000000083b00000, 0x0000000083a00000| Complete 
|  59|0x0000000083b00000, 0x0000000083c00000, 0x0000000083c00000|100%| O|  |TAMS 0x0000000083c00000, 0x0000000083b00000| Complete 
|  60|0x0000000083c00000, 0x0000000083d00000, 0x0000000083d00000|100%| O|  |TAMS 0x0000000083d00000, 0x0000000083c00000| Complete 
|  61|0x0000000083d00000, 0x0000000083e00000, 0x0000000083e00000|100%| O|CS|TAMS 0x0000000083e00000, 0x0000000083d00000| Complete 
|  62|0x0000000083e00000, 0x0000000083f00000, 0x0000000083f00000|100%| O|  |TAMS 0x0000000083f00000, 0x0000000083e00000| Untracked 
|  63|0x0000000083f00000, 0x0000000084000000, 0x0000000084000000|100%| O|  |TAMS 0x0000000084000000, 0x0000000083f00000| Untracked 
|  64|0x0000000084000000, 0x0000000084100000, 0x0000000084100000|100%| O|CS|TAMS 0x0000000084100000, 0x0000000084000000| Complete 
|  65|0x0000000084100000, 0x0000000084200000, 0x0000000084200000|100%| O|  |TAMS 0x0000000084200000, 0x0000000084100000| Complete 
|  66|0x0000000084200000, 0x0000000084300000, 0x0000000084300000|100%| O|  |TAMS 0x0000000084300000, 0x0000000084200000| Complete 
|  67|0x0000000084300000, 0x0000000084400000, 0x0000000084400000|100%| O|  |TAMS 0x0000000084400000, 0x0000000084300000| Complete 
|  68|0x0000000084400000, 0x0000000084500000, 0x0000000084500000|100%| O|  |TAMS 0x0000000084500000, 0x0000000084400000| Complete 
|  69|0x0000000084500000, 0x0000000084600000, 0x0000000084600000|100%| O|  |TAMS 0x0000000084600000, 0x0000000084500000| Complete 
|  70|0x0000000084600000, 0x0000000084700000, 0x0000000084700000|100%| O|  |TAMS 0x0000000084700000, 0x0000000084600000| Complete 
|  71|0x0000000084700000, 0x0000000084800000, 0x0000000084800000|100%| O|CS|TAMS 0x0000000084800000, 0x0000000084700000| Complete 
|  72|0x0000000084800000, 0x0000000084900000, 0x0000000084900000|100%| O|CS|TAMS 0x0000000084900000, 0x0000000084800000| Complete 
|  73|0x0000000084900000, 0x0000000084a00000, 0x0000000084a00000|100%| O|  |TAMS 0x0000000084a00000, 0x0000000084900000| Untracked 
|  74|0x0000000084a00000, 0x0000000084b00000, 0x0000000084b00000|100%| O|  |TAMS 0x0000000084b00000, 0x0000000084a00000| Complete 
|  75|0x0000000084b00000, 0x0000000084c00000, 0x0000000084c00000|100%| O|  |TAMS 0x0000000084c00000, 0x0000000084b00000| Untracked 
|  76|0x0000000084c00000, 0x0000000084d00000, 0x0000000084d00000|100%| O|  |TAMS 0x0000000084d00000, 0x0000000084c00000| Complete 
|  77|0x0000000084d00000, 0x0000000084e00000, 0x0000000084e00000|100%| O|CS|TAMS 0x0000000084e00000, 0x0000000084d00000| Complete 
|  78|0x0000000084e00000, 0x0000000084f00000, 0x0000000084f00000|100%| O|  |TAMS 0x0000000084f00000, 0x0000000084e00000| Complete 
|  79|0x0000000084f00000, 0x0000000085000000, 0x0000000085000000|100%| O|  |TAMS 0x0000000085000000, 0x0000000084f00000| Complete 
|  80|0x0000000085000000, 0x0000000085100000, 0x0000000085100000|100%| O|  |TAMS 0x0000000085100000, 0x0000000085000000| Complete 
|  81|0x0000000085100000, 0x0000000085200000, 0x0000000085200000|100%| O|  |TAMS 0x0000000085200000, 0x0000000085100000| Untracked 
|  82|0x0000000085200000, 0x0000000085300000, 0x0000000085300000|100%| O|  |TAMS 0x0000000085300000, 0x0000000085200000| Untracked 
|  83|0x0000000085300000, 0x0000000085400000, 0x0000000085400000|100%| O|  |TAMS 0x0000000085400000, 0x0000000085300000| Untracked 
|  84|0x0000000085400000, 0x0000000085500000, 0x0000000085500000|100%| O|  |TAMS 0x0000000085500000, 0x0000000085400000| Complete 
|  85|0x0000000085500000, 0x0000000085600000, 0x0000000085600000|100%| O|  |TAMS 0x0000000085600000, 0x0000000085500000| Complete 
|  86|0x0000000085600000, 0x0000000085700000, 0x0000000085700000|100%| O|  |TAMS 0x0000000085700000, 0x0000000085600000| Untracked 
|  87|0x0000000085700000, 0x0000000085800000, 0x0000000085800000|100%| O|  |TAMS 0x0000000085800000, 0x0000000085700000| Complete 
|  88|0x0000000085800000, 0x0000000085900000, 0x0000000085900000|100%| O|  |TAMS 0x0000000085900000, 0x0000000085800000| Untracked 
|  89|0x0000000085900000, 0x0000000085a00000, 0x0000000085a00000|100%| O|  |TAMS 0x0000000085a00000, 0x0000000085900000| Untracked 
|  90|0x0000000085a00000, 0x0000000085b00000, 0x0000000085b00000|100%| O|  |TAMS 0x0000000085b00000, 0x0000000085a00000| Untracked 
|  91|0x0000000085b00000, 0x0000000085c00000, 0x0000000085c00000|100%| O|  |TAMS 0x0000000085c00000, 0x0000000085b00000| Untracked 
|  92|0x0000000085c00000, 0x0000000085d00000, 0x0000000085d00000|100%| O|  |TAMS 0x0000000085d00000, 0x0000000085c00000| Untracked 
|  93|0x0000000085d00000, 0x0000000085e00000, 0x0000000085e00000|100%| O|  |TAMS 0x0000000085e00000, 0x0000000085d00000| Untracked 
|  94|0x0000000085e00000, 0x0000000085f00000, 0x0000000085f00000|100%| O|  |TAMS 0x0000000085f00000, 0x0000000085e00000| Complete 
|  95|0x0000000085f00000, 0x0000000086000000, 0x0000000086000000|100%| O|  |TAMS 0x0000000085fe9a00, 0x0000000085f00000| Untracked 
|  96|0x0000000086000000, 0x0000000086100000, 0x0000000086100000|100%| O|  |TAMS 0x0000000086000000, 0x0000000086000000| Untracked 
|  97|0x0000000086100000, 0x0000000086200000, 0x0000000086200000|100%| O|  |TAMS 0x0000000086100000, 0x0000000086100000| Untracked 
|  98|0x0000000086200000, 0x0000000086300000, 0x0000000086300000|100%| O|  |TAMS 0x0000000086200000, 0x0000000086200000| Untracked 
|  99|0x0000000086300000, 0x0000000086400000, 0x0000000086400000|100%| O|  |TAMS 0x0000000086300000, 0x0000000086300000| Untracked 
| 100|0x0000000086400000, 0x0000000086500000, 0x0000000086500000|100%| O|  |TAMS 0x0000000086400000, 0x0000000086400000| Untracked 
| 101|0x0000000086500000, 0x0000000086600000, 0x0000000086600000|100%| O|  |TAMS 0x0000000086500000, 0x0000000086500000| Untracked 
| 102|0x0000000086600000, 0x0000000086700000, 0x0000000086700000|100%| O|  |TAMS 0x0000000086600000, 0x0000000086600000| Untracked 
| 103|0x0000000086700000, 0x0000000086800000, 0x0000000086800000|100%| O|  |TAMS 0x0000000086700000, 0x0000000086700000| Untracked 
| 104|0x0000000086800000, 0x0000000086900000, 0x0000000086900000|100%| O|  |TAMS 0x0000000086800000, 0x0000000086800000| Untracked 
| 105|0x0000000086900000, 0x0000000086a00000, 0x0000000086a00000|100%| O|  |TAMS 0x0000000086900000, 0x0000000086900000| Untracked 
| 106|0x0000000086a00000, 0x0000000086b00000, 0x0000000086b00000|100%| O|  |TAMS 0x0000000086a00000, 0x0000000086a00000| Untracked 
| 107|0x0000000086b00000, 0x0000000086c00000, 0x0000000086c00000|100%| O|  |TAMS 0x0000000086b00000, 0x0000000086b00000| Untracked 
| 108|0x0000000086c00000, 0x0000000086d00000, 0x0000000086d00000|100%| O|  |TAMS 0x0000000086c00000, 0x0000000086c00000| Untracked 
| 109|0x0000000086d00000, 0x0000000086e00000, 0x0000000086e00000|100%| O|  |TAMS 0x0000000086d00000, 0x0000000086d00000| Untracked 
| 110|0x0000000086e00000, 0x0000000086f00000, 0x0000000086f00000|100%| O|  |TAMS 0x0000000086e00000, 0x0000000086e00000| Untracked 
| 111|0x0000000086f00000, 0x0000000087000000, 0x0000000087000000|100%| O|  |TAMS 0x0000000086f00000, 0x0000000086f00000| Untracked 
| 112|0x0000000087000000, 0x0000000087100000, 0x0000000087100000|100%| O|  |TAMS 0x0000000087000000, 0x0000000087000000| Untracked 
| 113|0x0000000087100000, 0x0000000087200000, 0x0000000087200000|100%| O|  |TAMS 0x0000000087100000, 0x0000000087100000| Untracked 
| 114|0x0000000087200000, 0x0000000087300000, 0x0000000087300000|100%| O|  |TAMS 0x0000000087200000, 0x0000000087200000| Untracked 
| 115|0x0000000087300000, 0x00000000873a5c90, 0x0000000087400000| 64%| O|  |TAMS 0x0000000087300000, 0x0000000087300000| Untracked 
| 116|0x0000000087400000, 0x0000000087400000, 0x0000000087500000|  0%| F|  |TAMS 0x0000000087400000, 0x0000000087400000| Untracked 
| 117|0x0000000087500000, 0x0000000087500000, 0x0000000087600000|  0%| F|  |TAMS 0x0000000087500000, 0x0000000087500000| Untracked 
| 118|0x0000000087600000, 0x0000000087600000, 0x0000000087700000|  0%| F|  |TAMS 0x0000000087600000, 0x0000000087600000| Untracked 
| 119|0x0000000087700000, 0x0000000087700000, 0x0000000087800000|  0%| F|  |TAMS 0x0000000087700000, 0x0000000087700000| Untracked 
| 120|0x0000000087800000, 0x0000000087800000, 0x0000000087900000|  0%| F|  |TAMS 0x0000000087800000, 0x0000000087800000| Untracked 
| 121|0x0000000087900000, 0x0000000087900000, 0x0000000087a00000|  0%| F|  |TAMS 0x0000000087900000, 0x0000000087900000| Untracked 
| 122|0x0000000087a00000, 0x0000000087a00000, 0x0000000087b00000|  0%| F|  |TAMS 0x0000000087a00000, 0x0000000087a00000| Untracked 
| 123|0x0000000087b00000, 0x0000000087b00000, 0x0000000087c00000|  0%| F|  |TAMS 0x0000000087b00000, 0x0000000087b00000| Untracked 
| 124|0x0000000087c00000, 0x0000000087c00000, 0x0000000087d00000|  0%| F|  |TAMS 0x0000000087c00000, 0x0000000087c00000| Untracked 
| 125|0x0000000087d00000, 0x0000000087d00000, 0x0000000087e00000|  0%| F|  |TAMS 0x0000000087d00000, 0x0000000087d00000| Untracked 
| 126|0x0000000087e00000, 0x0000000087e00000, 0x0000000087f00000|  0%| F|  |TAMS 0x0000000087e00000, 0x0000000087e00000| Untracked 
| 127|0x0000000087f00000, 0x0000000087f00000, 0x0000000088000000|  0%| F|  |TAMS 0x0000000087f00000, 0x0000000087f00000| Untracked 
| 128|0x0000000088000000, 0x0000000088000000, 0x0000000088100000|  0%| F|  |TAMS 0x0000000088000000, 0x0000000088000000| Untracked 
| 129|0x0000000088100000, 0x0000000088100000, 0x0000000088200000|  0%| F|  |TAMS 0x0000000088100000, 0x0000000088100000| Untracked 
| 130|0x0000000088200000, 0x0000000088200000, 0x0000000088300000|  0%| F|  |TAMS 0x0000000088200000, 0x0000000088200000| Untracked 
| 131|0x0000000088300000, 0x0000000088300000, 0x0000000088400000|  0%| F|  |TAMS 0x0000000088300000, 0x0000000088300000| Untracked 
| 132|0x0000000088400000, 0x0000000088500000, 0x0000000088500000|100%| E|CS|TAMS 0x0000000088400000, 0x0000000088400000| Complete 
| 133|0x0000000088500000, 0x0000000088600000, 0x0000000088600000|100%| E|CS|TAMS 0x0000000088500000, 0x0000000088500000| Complete 
| 134|0x0000000088600000, 0x0000000088700000, 0x0000000088700000|100%| E|CS|TAMS 0x0000000088600000, 0x0000000088600000| Complete 
| 135|0x0000000088700000, 0x0000000088800000, 0x0000000088800000|100%| E|CS|TAMS 0x0000000088700000, 0x0000000088700000| Complete 
| 136|0x0000000088800000, 0x0000000088900000, 0x0000000088900000|100%| E|CS|TAMS 0x0000000088800000, 0x0000000088800000| Complete 
| 137|0x0000000088900000, 0x0000000088a00000, 0x0000000088a00000|100%| E|CS|TAMS 0x0000000088900000, 0x0000000088900000| Complete 
| 138|0x0000000088a00000, 0x0000000088b00000, 0x0000000088b00000|100%| E|CS|TAMS 0x0000000088a00000, 0x0000000088a00000| Complete 
| 139|0x0000000088b00000, 0x0000000088c00000, 0x0000000088c00000|100%| E|CS|TAMS 0x0000000088b00000, 0x0000000088b00000| Complete 
| 140|0x0000000088c00000, 0x0000000088d00000, 0x0000000088d00000|100%| E|CS|TAMS 0x0000000088c00000, 0x0000000088c00000| Complete 
| 141|0x0000000088d00000, 0x0000000088e00000, 0x0000000088e00000|100%| E|CS|TAMS 0x0000000088d00000, 0x0000000088d00000| Complete 
| 142|0x0000000088e00000, 0x0000000088f00000, 0x0000000088f00000|100%| E|CS|TAMS 0x0000000088e00000, 0x0000000088e00000| Complete 
| 143|0x0000000088f00000, 0x0000000089000000, 0x0000000089000000|100%| E|CS|TAMS 0x0000000088f00000, 0x0000000088f00000| Complete 
| 144|0x0000000089000000, 0x0000000089100000, 0x0000000089100000|100%| E|CS|TAMS 0x0000000089000000, 0x0000000089000000| Complete 
| 145|0x0000000089100000, 0x0000000089200000, 0x0000000089200000|100%| E|CS|TAMS 0x0000000089100000, 0x0000000089100000| Complete 
| 146|0x0000000089200000, 0x0000000089300000, 0x0000000089300000|100%| E|CS|TAMS 0x0000000089200000, 0x0000000089200000| Complete 
| 147|0x0000000089300000, 0x0000000089400000, 0x0000000089400000|100%| E|CS|TAMS 0x0000000089300000, 0x0000000089300000| Complete 
| 148|0x0000000089400000, 0x0000000089500000, 0x0000000089500000|100%| E|CS|TAMS 0x0000000089400000, 0x0000000089400000| Complete 
| 149|0x0000000089500000, 0x0000000089500000, 0x0000000089600000|  0%| F|  |TAMS 0x0000000089500000, 0x0000000089500000| Untracked 
| 150|0x0000000089600000, 0x0000000089600000, 0x0000000089700000|  0%| F|  |TAMS 0x0000000089600000, 0x0000000089600000| Untracked 
| 151|0x0000000089700000, 0x0000000089700000, 0x0000000089800000|  0%| F|  |TAMS 0x0000000089700000, 0x0000000089700000| Untracked 
| 152|0x0000000089800000, 0x0000000089800000, 0x0000000089900000|  0%| F|  |TAMS 0x0000000089800000, 0x0000000089800000| Untracked 
| 153|0x0000000089900000, 0x0000000089900000, 0x0000000089a00000|  0%| F|  |TAMS 0x0000000089900000, 0x0000000089900000| Untracked 
| 154|0x0000000089a00000, 0x0000000089a00000, 0x0000000089b00000|  0%| F|  |TAMS 0x0000000089a00000, 0x0000000089a00000| Untracked 
| 155|0x0000000089b00000, 0x0000000089b00000, 0x0000000089c00000|  0%| F|  |TAMS 0x0000000089b00000, 0x0000000089b00000| Untracked 
| 156|0x0000000089c00000, 0x0000000089c00000, 0x0000000089d00000|  0%| F|  |TAMS 0x0000000089c00000, 0x0000000089c00000| Untracked 
| 157|0x0000000089d00000, 0x0000000089d00000, 0x0000000089e00000|  0%| F|  |TAMS 0x0000000089d00000, 0x0000000089d00000| Untracked 
| 158|0x0000000089e00000, 0x0000000089e00000, 0x0000000089f00000|  0%| F|  |TAMS 0x0000000089e00000, 0x0000000089e00000| Untracked 
| 159|0x0000000089f00000, 0x0000000089f00000, 0x000000008a000000|  0%| F|  |TAMS 0x0000000089f00000, 0x0000000089f00000| Untracked 
| 160|0x000000008a000000, 0x000000008a000000, 0x000000008a100000|  0%| F|  |TAMS 0x000000008a000000, 0x000000008a000000| Untracked 
| 161|0x000000008a100000, 0x000000008a100000, 0x000000008a200000|  0%| F|  |TAMS 0x000000008a100000, 0x000000008a100000| Untracked 
| 162|0x000000008a200000, 0x000000008a200000, 0x000000008a300000|  0%| F|  |TAMS 0x000000008a200000, 0x000000008a200000| Untracked 
| 163|0x000000008a300000, 0x000000008a300000, 0x000000008a400000|  0%| F|  |TAMS 0x000000008a300000, 0x000000008a300000| Untracked 
| 164|0x000000008a400000, 0x000000008a400000, 0x000000008a500000|  0%| F|  |TAMS 0x000000008a400000, 0x000000008a400000| Untracked 
| 165|0x000000008a500000, 0x000000008a500000, 0x000000008a600000|  0%| F|  |TAMS 0x000000008a500000, 0x000000008a500000| Untracked 
| 166|0x000000008a600000, 0x000000008a600000, 0x000000008a700000|  0%| F|  |TAMS 0x000000008a600000, 0x000000008a600000| Untracked 
| 167|0x000000008a700000, 0x000000008a700000, 0x000000008a800000|  0%| F|  |TAMS 0x000000008a700000, 0x000000008a700000| Untracked 
| 168|0x000000008a800000, 0x000000008a800000, 0x000000008a900000|  0%| F|  |TAMS 0x000000008a800000, 0x000000008a800000| Untracked 
| 169|0x000000008a900000, 0x000000008a900000, 0x000000008aa00000|  0%| F|  |TAMS 0x000000008a900000, 0x000000008a900000| Untracked 
| 170|0x000000008aa00000, 0x000000008aa00000, 0x000000008ab00000|  0%| F|  |TAMS 0x000000008aa00000, 0x000000008aa00000| Untracked 
| 171|0x000000008ab00000, 0x000000008ab00000, 0x000000008ac00000|  0%| F|  |TAMS 0x000000008ab00000, 0x000000008ab00000| Untracked 
| 172|0x000000008ac00000, 0x000000008ac00000, 0x000000008ad00000|  0%| F|  |TAMS 0x000000008ac00000, 0x000000008ac00000| Untracked 
| 173|0x000000008ad00000, 0x000000008ad00000, 0x000000008ae00000|  0%| F|  |TAMS 0x000000008ad00000, 0x000000008ad00000| Untracked 
| 174|0x000000008ae00000, 0x000000008ae00000, 0x000000008af00000|  0%| F|  |TAMS 0x000000008ae00000, 0x000000008ae00000| Untracked 
| 175|0x000000008af00000, 0x000000008af00000, 0x000000008b000000|  0%| F|  |TAMS 0x000000008af00000, 0x000000008af00000| Untracked 
| 176|0x000000008b000000, 0x000000008b000000, 0x000000008b100000|  0%| F|  |TAMS 0x000000008b000000, 0x000000008b000000| Untracked 
| 177|0x000000008b100000, 0x000000008b100000, 0x000000008b200000|  0%| F|  |TAMS 0x000000008b100000, 0x000000008b100000| Untracked 
| 178|0x000000008b200000, 0x000000008b200000, 0x000000008b300000|  0%| F|  |TAMS 0x000000008b200000, 0x000000008b200000| Untracked 
| 179|0x000000008b300000, 0x000000008b300000, 0x000000008b400000|  0%| F|  |TAMS 0x000000008b300000, 0x000000008b300000| Untracked 
| 180|0x000000008b400000, 0x000000008b400000, 0x000000008b500000|  0%| F|  |TAMS 0x000000008b400000, 0x000000008b400000| Untracked 
| 181|0x000000008b500000, 0x000000008b500000, 0x000000008b600000|  0%| F|  |TAMS 0x000000008b500000, 0x000000008b500000| Untracked 
| 182|0x000000008b600000, 0x000000008b600000, 0x000000008b700000|  0%| F|  |TAMS 0x000000008b600000, 0x000000008b600000| Untracked 
| 183|0x000000008b700000, 0x000000008b700000, 0x000000008b800000|  0%| F|  |TAMS 0x000000008b700000, 0x000000008b700000| Untracked 
| 184|0x000000008b800000, 0x000000008b800000, 0x000000008b900000|  0%| F|  |TAMS 0x000000008b800000, 0x000000008b800000| Untracked 
| 185|0x000000008b900000, 0x000000008b900000, 0x000000008ba00000|  0%| F|  |TAMS 0x000000008b900000, 0x000000008b900000| Untracked 
| 186|0x000000008ba00000, 0x000000008ba00000, 0x000000008bb00000|  0%| F|  |TAMS 0x000000008ba00000, 0x000000008ba00000| Untracked 
| 187|0x000000008bb00000, 0x000000008bb00000, 0x000000008bc00000|  0%| F|  |TAMS 0x000000008bb00000, 0x000000008bb00000| Untracked 
| 188|0x000000008bc00000, 0x000000008bc00000, 0x000000008bd00000|  0%| F|  |TAMS 0x000000008bc00000, 0x000000008bc00000| Untracked 
| 189|0x000000008bd00000, 0x000000008bd00000, 0x000000008be00000|  0%| F|  |TAMS 0x000000008bd00000, 0x000000008bd00000| Untracked 
| 190|0x000000008be00000, 0x000000008be00000, 0x000000008bf00000|  0%| F|  |TAMS 0x000000008be00000, 0x000000008be00000| Untracked 
| 191|0x000000008bf00000, 0x000000008bf00000, 0x000000008c000000|  0%| F|  |TAMS 0x000000008bf00000, 0x000000008bf00000| Untracked 
| 192|0x000000008c000000, 0x000000008c000000, 0x000000008c100000|  0%| F|  |TAMS 0x000000008c000000, 0x000000008c000000| Untracked 
| 193|0x000000008c100000, 0x000000008c100000, 0x000000008c200000|  0%| F|  |TAMS 0x000000008c100000, 0x000000008c100000| Untracked 
| 194|0x000000008c200000, 0x000000008c200000, 0x000000008c300000|  0%| F|  |TAMS 0x000000008c200000, 0x000000008c200000| Untracked 
| 195|0x000000008c300000, 0x000000008c300000, 0x000000008c400000|  0%| F|  |TAMS 0x000000008c300000, 0x000000008c300000| Untracked 
| 196|0x000000008c400000, 0x000000008c400000, 0x000000008c500000|  0%| F|  |TAMS 0x000000008c400000, 0x000000008c400000| Untracked 
| 197|0x000000008c500000, 0x000000008c500000, 0x000000008c600000|  0%| F|  |TAMS 0x000000008c500000, 0x000000008c500000| Untracked 
| 198|0x000000008c600000, 0x000000008c600000, 0x000000008c700000|  0%| F|  |TAMS 0x000000008c600000, 0x000000008c600000| Untracked 
| 199|0x000000008c700000, 0x000000008c700000, 0x000000008c800000|  0%| F|  |TAMS 0x000000008c700000, 0x000000008c700000| Untracked 
| 200|0x000000008c800000, 0x000000008c800000, 0x000000008c900000|  0%| F|  |TAMS 0x000000008c800000, 0x000000008c800000| Untracked 
| 201|0x000000008c900000, 0x000000008c900000, 0x000000008ca00000|  0%| F|  |TAMS 0x000000008c900000, 0x000000008c900000| Untracked 
| 202|0x000000008ca00000, 0x000000008ca00000, 0x000000008cb00000|  0%| F|  |TAMS 0x000000008ca00000, 0x000000008ca00000| Untracked 
| 203|0x000000008cb00000, 0x000000008cb00000, 0x000000008cc00000|  0%| F|  |TAMS 0x000000008cb00000, 0x000000008cb00000| Untracked 
| 204|0x000000008cc00000, 0x000000008cc00000, 0x000000008cd00000|  0%| F|  |TAMS 0x000000008cc00000, 0x000000008cc00000| Untracked 
| 205|0x000000008cd00000, 0x000000008cd00000, 0x000000008ce00000|  0%| F|  |TAMS 0x000000008cd00000, 0x000000008cd00000| Untracked 
| 206|0x000000008ce00000, 0x000000008ce00000, 0x000000008cf00000|  0%| F|  |TAMS 0x000000008ce00000, 0x000000008ce00000| Untracked 
| 207|0x000000008cf00000, 0x000000008cf00000, 0x000000008d000000|  0%| F|  |TAMS 0x000000008cf00000, 0x000000008cf00000| Untracked 
| 208|0x000000008d000000, 0x000000008d000000, 0x000000008d100000|  0%| F|  |TAMS 0x000000008d000000, 0x000000008d000000| Untracked 
| 209|0x000000008d100000, 0x000000008d100000, 0x000000008d200000|  0%| F|  |TAMS 0x000000008d100000, 0x000000008d100000| Untracked 
| 210|0x000000008d200000, 0x000000008d200000, 0x000000008d300000|  0%| F|  |TAMS 0x000000008d200000, 0x000000008d200000| Untracked 
| 211|0x000000008d300000, 0x000000008d300000, 0x000000008d400000|  0%| F|  |TAMS 0x000000008d300000, 0x000000008d300000| Untracked 
| 212|0x000000008d400000, 0x000000008d400000, 0x000000008d500000|  0%| F|  |TAMS 0x000000008d400000, 0x000000008d400000| Untracked 
| 213|0x000000008d500000, 0x000000008d500000, 0x000000008d600000|  0%| F|  |TAMS 0x000000008d500000, 0x000000008d500000| Untracked 
| 214|0x000000008d600000, 0x000000008d600000, 0x000000008d700000|  0%| F|  |TAMS 0x000000008d600000, 0x000000008d600000| Untracked 
| 215|0x000000008d700000, 0x000000008d700000, 0x000000008d800000|  0%| F|  |TAMS 0x000000008d700000, 0x000000008d700000| Untracked 
| 216|0x000000008d800000, 0x000000008d800000, 0x000000008d900000|  0%| F|  |TAMS 0x000000008d800000, 0x000000008d800000| Untracked 
| 217|0x000000008d900000, 0x000000008d900000, 0x000000008da00000|  0%| F|  |TAMS 0x000000008d900000, 0x000000008d900000| Untracked 
| 218|0x000000008da00000, 0x000000008da00000, 0x000000008db00000|  0%| F|  |TAMS 0x000000008da00000, 0x000000008da00000| Untracked 
| 219|0x000000008db00000, 0x000000008db00000, 0x000000008dc00000|  0%| F|  |TAMS 0x000000008db00000, 0x000000008db00000| Untracked 
| 220|0x000000008dc00000, 0x000000008dc00000, 0x000000008dd00000|  0%| F|  |TAMS 0x000000008dc00000, 0x000000008dc00000| Untracked 
| 221|0x000000008dd00000, 0x000000008dd00000, 0x000000008de00000|  0%| F|  |TAMS 0x000000008dd00000, 0x000000008dd00000| Untracked 
| 222|0x000000008de00000, 0x000000008de00000, 0x000000008df00000|  0%| F|  |TAMS 0x000000008de00000, 0x000000008de00000| Untracked 
| 223|0x000000008df00000, 0x000000008df00000, 0x000000008e000000|  0%| F|  |TAMS 0x000000008df00000, 0x000000008df00000| Untracked 
| 224|0x000000008e000000, 0x000000008e000000, 0x000000008e100000|  0%| F|  |TAMS 0x000000008e000000, 0x000000008e000000| Untracked 
| 225|0x000000008e100000, 0x000000008e100000, 0x000000008e200000|  0%| F|  |TAMS 0x000000008e100000, 0x000000008e100000| Untracked 
| 226|0x000000008e200000, 0x000000008e200000, 0x000000008e300000|  0%| F|  |TAMS 0x000000008e200000, 0x000000008e200000| Untracked 
| 227|0x000000008e300000, 0x000000008e300000, 0x000000008e400000|  0%| F|  |TAMS 0x000000008e300000, 0x000000008e300000| Untracked 
| 228|0x000000008e400000, 0x000000008e400000, 0x000000008e500000|  0%| F|  |TAMS 0x000000008e400000, 0x000000008e400000| Untracked 
| 229|0x000000008e500000, 0x000000008e500000, 0x000000008e600000|  0%| F|  |TAMS 0x000000008e500000, 0x000000008e500000| Untracked 
| 230|0x000000008e600000, 0x000000008e600000, 0x000000008e700000|  0%| F|  |TAMS 0x000000008e600000, 0x000000008e600000| Untracked 
| 231|0x000000008e700000, 0x000000008e700000, 0x000000008e800000|  0%| F|  |TAMS 0x000000008e700000, 0x000000008e700000| Untracked 
| 232|0x000000008e800000, 0x000000008e800000, 0x000000008e900000|  0%| F|  |TAMS 0x000000008e800000, 0x000000008e800000| Untracked 
| 233|0x000000008e900000, 0x000000008e900000, 0x000000008ea00000|  0%| F|  |TAMS 0x000000008e900000, 0x000000008e900000| Untracked 
| 234|0x000000008ea00000, 0x000000008ea00000, 0x000000008eb00000|  0%| F|  |TAMS 0x000000008ea00000, 0x000000008ea00000| Untracked 
| 235|0x000000008eb00000, 0x000000008eb00000, 0x000000008ec00000|  0%| F|  |TAMS 0x000000008eb00000, 0x000000008eb00000| Untracked 
| 236|0x000000008ec00000, 0x000000008ec00000, 0x000000008ed00000|  0%| F|  |TAMS 0x000000008ec00000, 0x000000008ec00000| Untracked 
| 237|0x000000008ed00000, 0x000000008ed00000, 0x000000008ee00000|  0%| F|  |TAMS 0x000000008ed00000, 0x000000008ed00000| Untracked 
| 238|0x000000008ee00000, 0x000000008ee00000, 0x000000008ef00000|  0%| F|  |TAMS 0x000000008ee00000, 0x000000008ee00000| Untracked 
| 239|0x000000008ef00000, 0x000000008ef00000, 0x000000008f000000|  0%| F|  |TAMS 0x000000008ef00000, 0x000000008ef00000| Untracked 
| 240|0x000000008f000000, 0x000000008f000000, 0x000000008f100000|  0%| F|  |TAMS 0x000000008f000000, 0x000000008f000000| Untracked 
| 241|0x000000008f100000, 0x000000008f100000, 0x000000008f200000|  0%| F|  |TAMS 0x000000008f100000, 0x000000008f100000| Untracked 
| 242|0x000000008f200000, 0x000000008f200000, 0x000000008f300000|  0%| F|  |TAMS 0x000000008f200000, 0x000000008f200000| Untracked 
| 243|0x000000008f300000, 0x000000008f300000, 0x000000008f400000|  0%| F|  |TAMS 0x000000008f300000, 0x000000008f300000| Untracked 
| 244|0x000000008f400000, 0x000000008f400000, 0x000000008f500000|  0%| F|  |TAMS 0x000000008f400000, 0x000000008f400000| Untracked 
| 245|0x000000008f500000, 0x000000008f500000, 0x000000008f600000|  0%| F|  |TAMS 0x000000008f500000, 0x000000008f500000| Untracked 
| 246|0x000000008f600000, 0x000000008f600000, 0x000000008f700000|  0%| F|  |TAMS 0x000000008f600000, 0x000000008f600000| Untracked 
| 247|0x000000008f700000, 0x000000008f700000, 0x000000008f800000|  0%| F|  |TAMS 0x000000008f700000, 0x000000008f700000| Untracked 
| 248|0x000000008f800000, 0x000000008f800000, 0x000000008f900000|  0%| F|  |TAMS 0x000000008f800000, 0x000000008f800000| Untracked 
| 249|0x000000008f900000, 0x000000008f900000, 0x000000008fa00000|  0%| F|  |TAMS 0x000000008f900000, 0x000000008f900000| Untracked 
| 250|0x000000008fa00000, 0x000000008fa00000, 0x000000008fb00000|  0%| F|  |TAMS 0x000000008fa00000, 0x000000008fa00000| Untracked 
| 251|0x000000008fb00000, 0x000000008fb00000, 0x000000008fc00000|  0%| F|  |TAMS 0x000000008fb00000, 0x000000008fb00000| Untracked 
| 252|0x000000008fc00000, 0x000000008fc00000, 0x000000008fd00000|  0%| F|  |TAMS 0x000000008fc00000, 0x000000008fc00000| Untracked 
| 253|0x000000008fd00000, 0x000000008fd00000, 0x000000008fe00000|  0%| F|  |TAMS 0x000000008fd00000, 0x000000008fd00000| Untracked 
| 254|0x000000008fe00000, 0x000000008fe00000, 0x000000008ff00000|  0%| F|  |TAMS 0x000000008fe00000, 0x000000008fe00000| Untracked 
| 255|0x000000008ff00000, 0x000000008ff00000, 0x0000000090000000|  0%| F|  |TAMS 0x000000008ff00000, 0x000000008ff00000| Untracked 
| 256|0x0000000090000000, 0x0000000090000000, 0x0000000090100000|  0%| F|  |TAMS 0x0000000090000000, 0x0000000090000000| Untracked 
| 257|0x0000000090100000, 0x0000000090100000, 0x0000000090200000|  0%| F|  |TAMS 0x0000000090100000, 0x0000000090100000| Untracked 
| 258|0x0000000090200000, 0x0000000090200000, 0x0000000090300000|  0%| F|  |TAMS 0x0000000090200000, 0x0000000090200000| Untracked 
| 259|0x0000000090300000, 0x0000000090300000, 0x0000000090400000|  0%| F|  |TAMS 0x0000000090300000, 0x0000000090300000| Untracked 
| 260|0x0000000090400000, 0x0000000090400000, 0x0000000090500000|  0%| F|  |TAMS 0x0000000090400000, 0x0000000090400000| Untracked 
| 261|0x0000000090500000, 0x0000000090500000, 0x0000000090600000|  0%| F|  |TAMS 0x0000000090500000, 0x0000000090500000| Untracked 
| 262|0x0000000090600000, 0x0000000090600000, 0x0000000090700000|  0%| F|  |TAMS 0x0000000090600000, 0x0000000090600000| Untracked 
| 263|0x0000000090700000, 0x0000000090700000, 0x0000000090800000|  0%| F|  |TAMS 0x0000000090700000, 0x0000000090700000| Untracked 
| 264|0x0000000090800000, 0x0000000090800000, 0x0000000090900000|  0%| F|  |TAMS 0x0000000090800000, 0x0000000090800000| Untracked 
| 265|0x0000000090900000, 0x0000000090900000, 0x0000000090a00000|  0%| F|  |TAMS 0x0000000090900000, 0x0000000090900000| Untracked 
| 266|0x0000000090a00000, 0x0000000090a00000, 0x0000000090b00000|  0%| F|  |TAMS 0x0000000090a00000, 0x0000000090a00000| Untracked 
| 267|0x0000000090b00000, 0x0000000090b00000, 0x0000000090c00000|  0%| F|  |TAMS 0x0000000090b00000, 0x0000000090b00000| Untracked 
| 268|0x0000000090c00000, 0x0000000090c00000, 0x0000000090d00000|  0%| F|  |TAMS 0x0000000090c00000, 0x0000000090c00000| Untracked 
| 269|0x0000000090d00000, 0x0000000090d00000, 0x0000000090e00000|  0%| F|  |TAMS 0x0000000090d00000, 0x0000000090d00000| Untracked 
| 270|0x0000000090e00000, 0x0000000090e00000, 0x0000000090f00000|  0%| F|  |TAMS 0x0000000090e00000, 0x0000000090e00000| Untracked 
| 271|0x0000000090f00000, 0x0000000090f00000, 0x0000000091000000|  0%| F|  |TAMS 0x0000000090f00000, 0x0000000090f00000| Untracked 
| 272|0x0000000091000000, 0x0000000091000000, 0x0000000091100000|  0%| F|  |TAMS 0x0000000091000000, 0x0000000091000000| Untracked 
| 273|0x0000000091100000, 0x0000000091100000, 0x0000000091200000|  0%| F|  |TAMS 0x0000000091100000, 0x0000000091100000| Untracked 
| 274|0x0000000091200000, 0x0000000091200000, 0x0000000091300000|  0%| F|  |TAMS 0x0000000091200000, 0x0000000091200000| Untracked 
| 275|0x0000000091300000, 0x0000000091380000, 0x0000000091400000| 50%| S|  |TAMS 0x0000000091300000, 0x0000000091300000| Complete 
| 276|0x0000000091400000, 0x0000000091500000, 0x0000000091500000|100%| S|  |TAMS 0x0000000091400000, 0x0000000091400000| Complete 
| 277|0x0000000091500000, 0x0000000091600000, 0x0000000091600000|100%| E|CS|TAMS 0x0000000091500000, 0x0000000091500000| Complete 

Card table byte_map: [0x0000026bdacf0000,0x0000026bdb0f0000] _byte_map_base: 0x0000026bda8f0000

Marking Bits (Prev, Next): (CMBitMap*) 0x0000026bc7e0d460, (CMBitMap*) 0x0000026bc7e0d428
 Prev Bits: [0x0000026bdd4f0000, 0x0000026bdf4f0000)
 Next Bits: [0x0000026bdb4f0000, 0x0000026bdd4f0000)

Polling page: 0x0000026bc5c80000

Metaspace:

Usage:
  Non-class:    100.04 MB capacity,    98.03 MB ( 98%) used,     1.62 MB (  2%) free+waste,   402.75 KB ( <1%) overhead. 
      Class:     15.92 MB capacity,    14.66 MB ( 92%) used,     1.08 MB (  7%) free+waste,   184.38 KB (  1%) overhead. 
       Both:    115.97 MB capacity,   112.69 MB ( 97%) used,     2.70 MB (  2%) free+waste,   587.13 KB ( <1%) overhead. 

Virtual space:
  Non-class space:      102.00 MB reserved,     100.16 MB ( 98%) committed 
      Class space:        1.00 GB reserved,      16.03 MB (  2%) committed 
             Both:        1.10 GB reserved,     116.19 MB ( 10%) committed 

Chunk freelists:
   Non-Class:  0 bytes
       Class:  0 bytes
        Both:  0 bytes

MaxMetaspaceSize: 17179869184.00 GB
CompressedClassSpaceSize: 1.00 GB
Initial GC threshold: 20.80 MB
Current GC threshold: 189.27 MB
CDS: off

CodeHeap 'non-profiled nmethods': size=120064Kb used=10321Kb max_used=10321Kb free=109742Kb
 bounds [0x0000026bd33b0000, 0x0000026bd3dd0000, 0x0000026bda8f0000]
CodeHeap 'profiled nmethods': size=120000Kb used=35221Kb max_used=35221Kb free=84778Kb
 bounds [0x0000026bcbe80000, 0x0000026bce0f0000, 0x0000026bd33b0000]
CodeHeap 'non-nmethods': size=5696Kb used=2455Kb max_used=2518Kb free=3241Kb
 bounds [0x0000026bcb8f0000, 0x0000026bcbb70000, 0x0000026bcbe80000]
 total_blobs=16627 nmethods=15629 adapters=910
 compilation: enabled
              stopped_count=0, restarted_count=0
 full_count=0

Compilation events (20 events):
Event: 4496.728 Thread 0x0000026be2270000 15692       3       org.gradle.internal.component.local.model.DslOriginDependencyMetadataWrapper::isEndorsingStrictVersions (10 bytes)
Event: 4496.728 Thread 0x0000026be2270000 nmethod 15692 0x0000026bce0e2790 code [0x0000026bce0e2940, 0x0000026bce0e2b08]
Event: 4496.730 Thread 0x0000026beeb07800 nmethod 15690 0x0000026bd3db6910 code [0x0000026bd3db6ae0, 0x0000026bd3db70b8]
Event: 4496.733 Thread 0x0000026be226c000 nmethod 15442 0x0000026bd3db7290 code [0x0000026bd3db7940, 0x0000026bd3dbf838]
Event: 4496.735 Thread 0x0000026be2270000 15693       3       org.gradle.internal.component.model.MultipleCandidateMatcher::setRequestedValue (8 bytes)
Event: 4496.735 Thread 0x0000026be2270000 nmethod 15693 0x0000026bce0e2c10 code [0x0000026bce0e2de0, 0x0000026bce0e3078]
Event: 4496.735 Thread 0x0000026be2270000 15694       3       org.gradle.internal.component.model.MultipleCandidateMatcher::getAttribute (44 bytes)
Event: 4496.735 Thread 0x0000026be2270000 nmethod 15694 0x0000026bce0e3190 code [0x0000026bce0e3380, 0x0000026bce0e3848]
Event: 4496.742 Thread 0x0000026be2270000 15695       3       org.gradle.api.internal.artifacts.ivyservice.modulecache.ModuleMetadataSerializer$Reader::readVariantFiles (48 bytes)
Event: 4496.743 Thread 0x0000026be2270000 nmethod 15695 0x0000026bce0e3a10 code [0x0000026bce0e3c40, 0x0000026bce0e43b8]
Event: 4496.743 Thread 0x0000026be2270000 15696       3       org.gradle.api.internal.artifacts.ivyservice.modulecache.ModuleMetadataSerializer$Reader::readVariantCapabilities (97 bytes)
Event: 4496.743 Thread 0x0000026be226c000 15697       4       org.gradle.internal.component.external.model.GradleDependencyMetadata::getSelector (5 bytes)
Event: 4496.743 Thread 0x0000026be226c000 nmethod 15697 0x0000026bd3dc3c10 code [0x0000026bd3dc3da0, 0x0000026bd3dc3e18]
Event: 4496.743 Thread 0x0000026be2270000 nmethod 15696 0x0000026bce0e4690 code [0x0000026bce0e4900, 0x0000026bce0e5308]
Event: 4496.747 Thread 0x0000026beeb07800 15698       4       org.gradle.api.internal.artifacts.ivyservice.modulecache.StringDeduplicatingDecoder::readNullableString (30 bytes)
Event: 4496.749 Thread 0x0000026beeb07800 nmethod 15698 0x0000026bd3dc3f10 code [0x0000026bd3dc40e0, 0x0000026bd3dc4218]
Event: 4496.750 Thread 0x0000026be226c000 15699       4       org.gradle.api.internal.artifacts.ivyservice.resolveengine.result.DesugaredAttributeContainerSerializer::read (155 bytes)
Event: 4496.751 Thread 0x0000026beeb07800 15700       4       org.gradle.internal.component.external.model.DefaultModuleComponentSelector::assertModuleIdentifier (51 bytes)
Event: 4496.751 Thread 0x0000026beeb07800 nmethod 15700 0x0000026bd3dc4410 code [0x0000026bd3dc45a0, 0x0000026bd3dc45d8]
Event: 4496.751 Thread 0x0000026beeb07800 15703       4       org.gradle.internal.component.external.model.DefaultModuleComponentSelector::newSelector (90 bytes)

GC Heap History (20 events):
Event: 8.456 GC heap after
{Heap after GC invocations=12 (full 0):
 garbage-first heap   total 236544K, used 53166K [0x0000000080000000, 0x0000000100000000)
  region size 1024K, 4 young (4096K), 4 survivors (4096K)
 Metaspace       used 59001K, capacity 60483K, committed 60508K, reserved 1101824K
  class space    used 7433K, capacity 7964K, committed 7968K, reserved 1048576K
}
Event: 9.727 GC heap before
{Heap before GC invocations=13 (full 0):
 garbage-first heap   total 236544K, used 164782K [0x0000000080000000, 0x0000000100000000)
  region size 1024K, 106 young (108544K), 4 survivors (4096K)
 Metaspace       used 67641K, capacity 69206K, committed 69440K, reserved 1110016K
  class space    used 8503K, capacity 9103K, committed 9120K, reserved 1048576K
}
Event: 9.742 GC heap after
{Heap after GC invocations=14 (full 0):
 garbage-first heap   total 236544K, used 59816K [0x0000000080000000, 0x0000000100000000)
  region size 1024K, 11 young (11264K), 11 survivors (11264K)
 Metaspace       used 67641K, capacity 69206K, committed 69440K, reserved 1110016K
  class space    used 8503K, capacity 9103K, committed 9120K, reserved 1048576K
}
Event: 11.343 GC heap before
{Heap before GC invocations=15 (full 0):
 garbage-first heap   total 236544K, used 165288K [0x0000000080000000, 0x0000000100000000)
  region size 1024K, 114 young (116736K), 11 survivors (11264K)
 Metaspace       used 74519K, capacity 76112K, committed 76224K, reserved 1116160K
  class space    used 9558K, capacity 10179K, committed 10272K, reserved 1048576K
}
Event: 11.363 GC heap after
{Heap after GC invocations=16 (full 0):
 garbage-first heap   total 236544K, used 67139K [0x0000000080000000, 0x0000000100000000)
  region size 1024K, 15 young (15360K), 15 survivors (15360K)
 Metaspace       used 74519K, capacity 76112K, committed 76224K, reserved 1116160K
  class space    used 9558K, capacity 10179K, committed 10272K, reserved 1048576K
}
Event: 12.995 GC heap before
{Heap before GC invocations=16 (full 0):
 garbage-first heap   total 236544K, used 172611K [0x0000000080000000, 0x0000000100000000)
  region size 1024K, 118 young (120832K), 15 survivors (15360K)
 Metaspace       used 84473K, capacity 86417K, committed 86592K, reserved 1124352K
  class space    used 10957K, capacity 11679K, committed 11680K, reserved 1048576K
}
Event: 13.015 GC heap after
{Heap after GC invocations=17 (full 0):
 garbage-first heap   total 284672K, used 74240K [0x0000000080000000, 0x0000000100000000)
  region size 1024K, 15 young (15360K), 15 survivors (15360K)
 Metaspace       used 84473K, capacity 86417K, committed 86592K, reserved 1124352K
  class space    used 10957K, capacity 11679K, committed 11680K, reserved 1048576K
}
Event: 14.986 GC heap before
{Heap before GC invocations=17 (full 0):
 garbage-first heap   total 284672K, used 204288K [0x0000000080000000, 0x0000000100000000)
  region size 1024K, 143 young (146432K), 15 survivors (15360K)
 Metaspace       used 87373K, capacity 89493K, committed 89664K, reserved 1126400K
  class space    used 11304K, capacity 12109K, committed 12192K, reserved 1048576K
}
Event: 15.010 GC heap after
{Heap after GC invocations=18 (full 0):
 garbage-first heap   total 284672K, used 84992K [0x0000000080000000, 0x0000000100000000)
  region size 1024K, 18 young (18432K), 18 survivors (18432K)
 Metaspace       used 87373K, capacity 89493K, committed 89664K, reserved 1126400K
  class space    used 11304K, capacity 12109K, committed 12192K, reserved 1048576K
}
Event: 16.396 GC heap before
{Heap before GC invocations=18 (full 0):
 garbage-first heap   total 284672K, used 211968K [0x0000000080000000, 0x0000000100000000)
  region size 1024K, 143 young (146432K), 18 survivors (18432K)
 Metaspace       used 93365K, capacity 95432K, committed 95552K, reserved 1132544K
  class space    used 12027K, capacity 12859K, committed 12960K, reserved 1048576K
}
Event: 16.426 GC heap after
{Heap after GC invocations=19 (full 0):
 garbage-first heap   total 284672K, used 91795K [0x0000000080000000, 0x0000000100000000)
  region size 1024K, 9 young (9216K), 9 survivors (9216K)
 Metaspace       used 93365K, capacity 95432K, committed 95552K, reserved 1132544K
  class space    used 12027K, capacity 12859K, committed 12960K, reserved 1048576K
}
Event: 2524.598 GC heap before
{Heap before GC invocations=19 (full 0):
 garbage-first heap   total 284672K, used 216723K [0x0000000080000000, 0x0000000100000000)
  region size 1024K, 132 young (135168K), 9 survivors (9216K)
 Metaspace       used 95582K, capacity 97878K, committed 97984K, reserved 1134592K
  class space    used 12171K, capacity 13034K, committed 13088K, reserved 1048576K
}
Event: 2524.621 GC heap after
{Heap after GC invocations=20 (full 0):
 garbage-first heap   total 284672K, used 98940K [0x0000000080000000, 0x0000000100000000)
  region size 1024K, 16 young (16384K), 16 survivors (16384K)
 Metaspace       used 95582K, capacity 97878K, committed 97984K, reserved 1134592K
  class space    used 12171K, capacity 13034K, committed 13088K, reserved 1048576K
}
Event: 2543.052 GC heap before
{Heap before GC invocations=20 (full 0):
 garbage-first heap   total 284672K, used 220796K [0x0000000080000000, 0x0000000100000000)
  region size 1024K, 136 young (139264K), 16 survivors (16384K)
 Metaspace       used 111434K, capacity 114585K, committed 114752K, reserved 1148928K
  class space    used 14441K, capacity 15681K, committed 15776K, reserved 1048576K
}
Event: 2543.083 GC heap after
{Heap after GC invocations=21 (full 0):
 garbage-first heap   total 284672K, used 105984K [0x0000000080000000, 0x0000000100000000)
  region size 1024K, 16 young (16384K), 16 survivors (16384K)
 Metaspace       used 111434K, capacity 114585K, committed 114752K, reserved 1148928K
  class space    used 14441K, capacity 15681K, committed 15776K, reserved 1048576K
}
Event: 2543.231 GC heap before
{Heap before GC invocations=21 (full 0):
 garbage-first heap   total 284672K, used 112128K [0x0000000080000000, 0x0000000100000000)
  region size 1024K, 23 young (23552K), 16 survivors (16384K)
 Metaspace       used 112312K, capacity 115531K, committed 115648K, reserved 1148928K
  class space    used 14602K, capacity 15840K, committed 15904K, reserved 1048576K
}
Event: 2543.266 GC heap after
{Heap after GC invocations=22 (full 0):
 garbage-first heap   total 284672K, used 106918K [0x0000000080000000, 0x0000000100000000)
  region size 1024K, 9 young (9216K), 9 survivors (9216K)
 Metaspace       used 112312K, capacity 115531K, committed 115648K, reserved 1148928K
  class space    used 14602K, capacity 15840K, committed 15904K, reserved 1048576K
}
Event: 4496.704 GC heap before
{Heap before GC invocations=23 (full 0):
 garbage-first heap   total 284672K, used 240038K [0x0000000080000000, 0x0000000100000000)
  region size 1024K, 129 young (132096K), 9 survivors (9216K)
 Metaspace       used 115395K, capacity 118751K, committed 118976K, reserved 1153024K
  class space    used 15012K, capacity 16307K, committed 16416K, reserved 1048576K
}
Event: 4496.728 GC heap after
{Heap after GC invocations=24 (full 0):
 garbage-first heap   total 284672K, used 115712K [0x0000000080000000, 0x0000000100000000)
  region size 1024K, 17 young (17408K), 17 survivors (17408K)
 Metaspace       used 115395K, capacity 118751K, committed 118976K, reserved 1153024K
  class space    used 15012K, capacity 16307K, committed 16416K, reserved 1048576K
}
Event: 4496.752 GC heap before
{Heap before GC invocations=24 (full 0):
 garbage-first heap   total 284672K, used 116736K [0x0000000080000000, 0x0000000100000000)
  region size 1024K, 18 young (18432K), 17 survivors (17408K)
 Metaspace       used 115399K, capacity 118751K, committed 118976K, reserved 1153024K
  class space    used 15012K, capacity 16307K, committed 16416K, reserved 1048576K
}

Deoptimization events (20 events):
Event: 4495.842 Thread 0x0000026be91b3800 Uncommon trap: trap_request=0xfffffff4 fr.pc=0x0000026bd3b757a4 relative=0x0000000000000164
Event: 4495.842 Thread 0x0000026be91b3800 Uncommon trap: reason=null_check action=make_not_entrant pc=0x0000026bd3b757a4 method=org.gradle.api.internal.collections.CollectionFilter.filter(Ljava/lang/Object;)Ljava/lang/Object; @ 5 c2
Event: 4495.842 Thread 0x0000026be91b3800 DEOPT PACKING pc=0x0000026bd3b757a4 sp=0x000000e762af74a0
Event: 4495.842 Thread 0x0000026be91b3800 DEOPT UNPACKING pc=0x0000026bcb93a1af sp=0x000000e762af7440 mode 2
Event: 4496.431 Thread 0x0000026be91b3800 Uncommon trap: trap_request=0xffffff5c fr.pc=0x0000026bd3d9c408 relative=0x0000000000000aa8
Event: 4496.431 Thread 0x0000026be91b3800 Uncommon trap: reason=speculate_null_assert action=make_not_entrant pc=0x0000026bd3d9c408 method=org.gradle.api.internal.file.collections.UnpackingVisitor.add(Ljava/lang/Object;)V @ 346 c2
Event: 4496.431 Thread 0x0000026be91b3800 DEOPT PACKING pc=0x0000026bd3d9c408 sp=0x000000e762af9a50
Event: 4496.431 Thread 0x0000026be91b3800 DEOPT UNPACKING pc=0x0000026bcb93a1af sp=0x000000e762af99e8 mode 2
Event: 4496.568 Thread 0x0000026be91b3800 DEOPT PACKING pc=0x0000026bccecb729 sp=0x000000e762af8bd0
Event: 4496.568 Thread 0x0000026be91b3800 DEOPT UNPACKING pc=0x0000026bcb93a95e sp=0x000000e762af8098 mode 0
Event: 4496.576 Thread 0x0000026be91b3800 DEOPT PACKING pc=0x0000026bccecb729 sp=0x000000e762af8ad0
Event: 4496.576 Thread 0x0000026be91b3800 DEOPT UNPACKING pc=0x0000026bcb93a95e sp=0x000000e762af7f88 mode 0
Event: 4496.583 Thread 0x0000026be91b3800 DEOPT PACKING pc=0x0000026bccecb729 sp=0x000000e762af8a10
Event: 4496.583 Thread 0x0000026be91b3800 DEOPT UNPACKING pc=0x0000026bcb93a95e sp=0x000000e762af7ec8 mode 0
Event: 4496.584 Thread 0x0000026be91b3800 DEOPT PACKING pc=0x0000026bccecb729 sp=0x000000e762af8a10
Event: 4496.584 Thread 0x0000026be91b3800 DEOPT UNPACKING pc=0x0000026bcb93a95e sp=0x000000e762af7ec8 mode 0
Event: 4496.649 Thread 0x0000026be91b3800 Uncommon trap: trap_request=0xffffffde fr.pc=0x0000026bd3910478 relative=0x00000000000000b8
Event: 4496.649 Thread 0x0000026be91b3800 Uncommon trap: reason=class_check action=maybe_recompile pc=0x0000026bd3910478 method=java.util.stream.ReferencePipeline$4$1.accept(Ljava/lang/Object;)V @ 12 c2
Event: 4496.649 Thread 0x0000026be91b3800 DEOPT PACKING pc=0x0000026bd3910478 sp=0x000000e762afb150
Event: 4496.649 Thread 0x0000026be91b3800 DEOPT UNPACKING pc=0x0000026bcb93a1af sp=0x000000e762afb0d0 mode 2

Classes redefined (0 events):
No events

Internal exceptions (20 events):
Event: 4495.344 Thread 0x0000026be91b1000 Exception <a 'java/lang/NoSuchMethodError'{0x000000008bf50058}: <clinit>> (0x000000008bf50058) thrown at [./src/hotspot/share/prims/jni.cpp, line 1366]
Event: 4495.344 Thread 0x0000026be91b1000 Exception <a 'java/lang/NoSuchMethodError'{0x000000008bf523e0}: <clinit>> (0x000000008bf523e0) thrown at [./src/hotspot/share/prims/jni.cpp, line 1366]
Event: 4495.428 Thread 0x0000026be91b3800 Exception <a 'java/lang/NoSuchMethodError'{0x000000008bef2648}: 'java.lang.Object java.lang.invoke.DelegatingMethodHandle$Holder.reinvoke_L(java.lang.Object, java.lang.Object, java.lang.Object, java.lang.Object, java.lang.Object, java.lang.Object, java.lang.Object, java.lang.Object, java.lang.Object, java.lang.Object, java.lang.Object, java.lang.Object, java.lang.Object, java.lang.Object, java.lang.Object, java.lang.Object, java.lang.Object, java.lang.Object, java.lang.Object, java.lang.Object, java.lang.O
Event: 4495.432 Thread 0x0000026be91b3800 Exception <a 'java/lang/NoSuchMethodError'{0x000000008bd55f08}: 'java.lang.Object java.lang.invoke.DelegatingMethodHandle$Holder.reinvoke_L(java.lang.Object, java.lang.Object, java.lang.Object, java.lang.Object, java.lang.Object, java.lang.Object, java.lang.Object, java.lang.Object, java.lang.Object, java.lang.Object, java.lang.Object, java.lang.Object, java.lang.Object, java.lang.Object, java.lang.Object, java.lang.Object, java.lang.Object, java.lang.Object, java.lang.Object, java.lang.Object)'> (0x000000
Event: 4495.706 Thread 0x0000026be91b1000 Exception <a 'java/lang/NoSuchMethodError'{0x000000008ab063c8}: <clinit>> (0x000000008ab063c8) thrown at [./src/hotspot/share/prims/jni.cpp, line 1366]
Event: 4495.708 Thread 0x0000026be91b1000 Exception <a 'java/lang/NoSuchMethodError'{0x000000008ab1da40}: <clinit>> (0x000000008ab1da40) thrown at [./src/hotspot/share/prims/jni.cpp, line 1366]
Event: 4495.708 Thread 0x0000026be91b1000 Exception <a 'java/lang/NoSuchMethodError'{0x000000008ab1eb50}: <clinit>> (0x000000008ab1eb50) thrown at [./src/hotspot/share/prims/jni.cpp, line 1366]
Event: 4495.713 Thread 0x0000026be91b1000 Exception <a 'java/lang/NoSuchMethodError'{0x000000008ab1fe58}: <clinit>> (0x000000008ab1fe58) thrown at [./src/hotspot/share/prims/jni.cpp, line 1366]
Event: 4495.714 Thread 0x0000026be91b1000 Exception <a 'java/lang/NoSuchMethodError'{0x000000008ab28f88}: <clinit>> (0x000000008ab28f88) thrown at [./src/hotspot/share/prims/jni.cpp, line 1366]
Event: 4495.717 Thread 0x0000026be91b1000 Exception <a 'java/lang/NoSuchMethodError'{0x000000008ab67e80}: <clinit>> (0x000000008ab67e80) thrown at [./src/hotspot/share/prims/jni.cpp, line 1366]
Event: 4495.740 Thread 0x0000026be91b3800 Implicit null exception at 0x0000026bd3b49e8e to 0x0000026bd3b4b320
Event: 4495.781 Thread 0x0000026be91b3800 Exception <a 'sun/nio/fs/WindowsException'{0x000000008a828368}> (0x000000008a828368) thrown at [./src/hotspot/share/prims/jni.cpp, line 616]
Event: 4495.842 Thread 0x0000026be91b3800 Implicit null exception at 0x0000026bd3b7567e to 0x0000026bd3b75790
Event: 4496.563 Thread 0x0000026be91b3800 Exception <a 'sun/nio/fs/WindowsException'{0x0000000089aa7898}> (0x0000000089aa7898) thrown at [./src/hotspot/share/prims/jni.cpp, line 616]
Event: 4496.580 Thread 0x0000026be91b3800 Exception <a 'sun/nio/fs/WindowsException'{0x000000008994d1a8}> (0x000000008994d1a8) thrown at [./src/hotspot/share/prims/jni.cpp, line 616]
Event: 4496.580 Thread 0x0000026be91b3800 Exception <a 'sun/nio/fs/WindowsException'{0x000000008994e550}> (0x000000008994e550) thrown at [./src/hotspot/share/prims/jni.cpp, line 616]
Event: 4496.580 Thread 0x0000026be91b3800 Exception <a 'sun/nio/fs/WindowsException'{0x000000008994f948}> (0x000000008994f948) thrown at [./src/hotspot/share/prims/jni.cpp, line 616]
Event: 4496.580 Thread 0x0000026be91b3800 Exception <a 'sun/nio/fs/WindowsException'{0x0000000089950d40}> (0x0000000089950d40) thrown at [./src/hotspot/share/prims/jni.cpp, line 616]
Event: 4496.672 Thread 0x0000026be644e800 Exception <a 'java/lang/NoSuchMethodError'{0x00000000896fb490}: <clinit>> (0x00000000896fb490) thrown at [./src/hotspot/share/prims/jni.cpp, line 1366]
Event: 4496.678 Thread 0x0000026be644e800 Exception <a 'java/lang/NoSuchMethodError'{0x0000000089593e58}: <clinit>> (0x0000000089593e58) thrown at [./src/hotspot/share/prims/jni.cpp, line 1366]

Events (20 events):
Event: 4496.655 Thread 0x0000026be459b000 Thread added: 0x0000026be459b000
Event: 4496.655 Thread 0x0000026be4598000 Thread added: 0x0000026be4598000
Event: 4496.656 Thread 0x0000026be4599000 Thread added: 0x0000026be4599000
Event: 4496.687 Executing VM operation: RevokeBias
Event: 4496.688 Executing VM operation: RevokeBias done
Event: 4496.688 Executing VM operation: RevokeBias
Event: 4496.688 Executing VM operation: RevokeBias done
Event: 4496.688 Executing VM operation: RevokeBias
Event: 4496.688 Executing VM operation: RevokeBias done
Event: 4496.688 Executing VM operation: RevokeBias
Event: 4496.689 Executing VM operation: RevokeBias done
Event: 4496.695 Executing VM operation: RevokeBias
Event: 4496.696 Executing VM operation: RevokeBias done
Event: 4496.703 Executing VM operation: RevokeBias
Event: 4496.703 Executing VM operation: RevokeBias done
Event: 4496.704 Executing VM operation: G1CollectForAllocation
Event: 4496.728 Executing VM operation: G1CollectForAllocation done
Event: 4496.731 Executing VM operation: RevokeBias
Event: 4496.731 Executing VM operation: RevokeBias done
Event: 4496.752 Executing VM operation: G1CollectForAllocation


Dynamic libraries:
0x00007ff708470000 - 0x00007ff70847a000 	C:\Program Files\Android\Android Studio\jre\bin\java.exe
0x00007ffdfc610000 - 0x00007ffdfc808000 	C:\Windows\SYSTEM32\ntdll.dll
0x00007ffdfc380000 - 0x00007ffdfc43f000 	C:\Windows\System32\KERNEL32.DLL
0x00007ffdfa370000 - 0x00007ffdfa642000 	C:\Windows\System32\KERNELBASE.dll
0x00007ffdf9f70000 - 0x00007ffdfa070000 	C:\Windows\System32\ucrtbase.dll
0x00007ffdd2430000 - 0x00007ffdd2449000 	C:\Program Files\Android\Android Studio\jre\bin\jli.dll
0x00007ffddbb40000 - 0x00007ffddbb57000 	C:\Program Files\Android\Android Studio\jre\bin\VCRUNTIME140.dll
0x00007ffdfc1d0000 - 0x00007ffdfc371000 	C:\Windows\System32\USER32.dll
0x00007ffdf9da0000 - 0x00007ffdf9dc2000 	C:\Windows\System32\win32u.dll
0x00007ffde8d20000 - 0x00007ffde8fba000 	C:\Windows\WinSxS\amd64_microsoft.windows.common-controls_6595b64144ccf1df_6.0.19041.1110_none_60b5254171f9507e\COMCTL32.dll
0x00007ffdfb0d0000 - 0x00007ffdfb0fb000 	C:\Windows\System32\GDI32.dll
0x00007ffdfbed0000 - 0x00007ffdfbf6e000 	C:\Windows\System32\msvcrt.dll
0x00007ffdfa1d0000 - 0x00007ffdfa2df000 	C:\Windows\System32\gdi32full.dll
0x00007ffdf9ed0000 - 0x00007ffdf9f6d000 	C:\Windows\System32\msvcp_win.dll
0x00007ffdfa7e0000 - 0x00007ffdfa812000 	C:\Windows\System32\IMM32.DLL
0x00007ffdb3450000 - 0x00007ffdb34ed000 	C:\Program Files\Android\Android Studio\jre\bin\msvcp140.dll
0x00007ffdaf8d0000 - 0x00007ffdb03d2000 	C:\Program Files\Android\Android Studio\jre\bin\server\jvm.dll
0x00007ffdfbd80000 - 0x00007ffdfbe2e000 	C:\Windows\System32\ADVAPI32.dll
0x00007ffdfbe30000 - 0x00007ffdfbecc000 	C:\Windows\System32\sechost.dll
0x00007ffdfbf70000 - 0x00007ffdfc095000 	C:\Windows\System32\RPCRT4.dll
0x00007ffdfc150000 - 0x00007ffdfc158000 	C:\Windows\System32\PSAPI.DLL
0x00007ffdf2cf0000 - 0x00007ffdf2cf9000 	C:\Windows\SYSTEM32\WSOCK32.dll
0x00007ffdfc560000 - 0x00007ffdfc5cb000 	C:\Windows\System32\WS2_32.dll
0x00007ffdf29e0000 - 0x00007ffdf2a07000 	C:\Windows\SYSTEM32\WINMM.dll
0x00007ffdf3c30000 - 0x00007ffdf3c3a000 	C:\Windows\SYSTEM32\VERSION.dll
0x00007ffdf7be0000 - 0x00007ffdf7bf2000 	C:\Windows\SYSTEM32\kernel.appcore.dll
0x00007ffdef6b0000 - 0x00007ffdef6c1000 	C:\Program Files\Android\Android Studio\jre\bin\verify.dll
0x00007ffde4150000 - 0x00007ffde4334000 	C:\Windows\SYSTEM32\DBGHELP.DLL
0x00007ffde4110000 - 0x00007ffde4145000 	C:\Windows\SYSTEM32\dbgcore.DLL
0x00007ffdfa2e0000 - 0x00007ffdfa362000 	C:\Windows\System32\bcryptPrimitives.dll
0x00007ffdef680000 - 0x00007ffdef6a9000 	C:\Program Files\Android\Android Studio\jre\bin\java.dll
0x00007ffdf2ce0000 - 0x00007ffdf2ceb000 	C:\Program Files\Android\Android Studio\jre\bin\jimage.dll
0x00007ffdef660000 - 0x00007ffdef678000 	C:\Program Files\Android\Android Studio\jre\bin\zip.dll
0x00007ffdfb1c0000 - 0x00007ffdfb904000 	C:\Windows\System32\SHELL32.dll
0x00007ffdf7de0000 - 0x00007ffdf8572000 	C:\Windows\SYSTEM32\windows.storage.dll
0x00007ffdfa9b0000 - 0x00007ffdfad05000 	C:\Windows\System32\combase.dll
0x00007ffdf9680000 - 0x00007ffdf96b0000 	C:\Windows\SYSTEM32\Wldp.dll
0x00007ffdfb110000 - 0x00007ffdfb1bd000 	C:\Windows\System32\SHCORE.dll
0x00007ffdfc160000 - 0x00007ffdfc1b5000 	C:\Windows\System32\shlwapi.dll
0x00007ffdf9c40000 - 0x00007ffdf9c5f000 	C:\Windows\SYSTEM32\profapi.dll
0x00007ffdedbb0000 - 0x00007ffdedbca000 	C:\Program Files\Android\Android Studio\jre\bin\net.dll
0x00007ffdf1dd0000 - 0x00007ffdf1edc000 	C:\Windows\SYSTEM32\WINHTTP.dll
0x00007ffdf93e0000 - 0x00007ffdf944a000 	C:\Windows\system32\mswsock.dll
0x00007ffde8180000 - 0x00007ffde8194000 	C:\Program Files\Android\Android Studio\jre\bin\nio.dll
0x00007ffddc5d0000 - 0x00007ffddc5f7000 	C:\Users\Administrator\.gradle\native\e1d6ef7f7dcc3fd88c89a11ec53ec762bb8ba0a96d01ffa2cd45eb1d1d8dd5c5\windows-amd64\native-platform.dll
0x00007ffdb27a0000 - 0x00007ffdb28e4000 	C:\Users\Administrator\.gradle\native\0d407fdbe67a94daf76414ababcb853783967236a71b16ec16e742cd7a986fd3\windows-amd64\native-platform-file-events.dll
0x00007ffdefca0000 - 0x00007ffdefcaa000 	C:\Program Files\Android\Android Studio\jre\bin\management.dll
0x00007ffdef950000 - 0x00007ffdef95d000 	C:\Program Files\Android\Android Studio\jre\bin\management_ext.dll
0x00007ffdf95d0000 - 0x00007ffdf95e8000 	C:\Windows\SYSTEM32\CRYPTSP.dll
0x00007ffdf8d00000 - 0x00007ffdf8d34000 	C:\Windows\system32\rsaenh.dll
0x00007ffdf9d00000 - 0x00007ffdf9d27000 	C:\Windows\System32\bcrypt.dll
0x00007ffdf9c00000 - 0x00007ffdf9c2e000 	C:\Windows\SYSTEM32\USERENV.dll
0x00007ffdf95f0000 - 0x00007ffdf95fc000 	C:\Windows\SYSTEM32\CRYPTBASE.dll
0x00007ffdf90d0000 - 0x00007ffdf910b000 	C:\Windows\SYSTEM32\IPHLPAPI.DLL
0x00007ffdfc1c0000 - 0x00007ffdfc1c8000 	C:\Windows\System32\NSI.dll
0x00007ffdf3c60000 - 0x00007ffdf3c77000 	C:\Windows\SYSTEM32\dhcpcsvc6.DLL
0x00007ffdf3c40000 - 0x00007ffdf3c5d000 	C:\Windows\SYSTEM32\dhcpcsvc.DLL
0x00007ffdf9110000 - 0x00007ffdf91da000 	C:\Windows\SYSTEM32\DNSAPI.dll
0x00007ffdefd80000 - 0x00007ffdefd9e000 	C:\Users\Administrator\AppData\Local\Temp\native-platform16205393719019821527dir\native-platform.dll
0x00007ffdf5870000 - 0x00007ffdf5878000 	C:\Program Files\Android\Android Studio\jre\bin\rmi.dll
0x00007ffddcfb0000 - 0x00007ffddcfd7000 	C:\Program Files\Android\Android Studio\jre\bin\sunec.dll

dbghelp: loaded successfully - version: 4.0.5 - missing functions: none
symbol engine: initialized successfully - sym options: 0x614 - pdb path: .;C:\Program Files\Android\Android Studio\jre\bin;C:\Windows\SYSTEM32;C:\Windows\WinSxS\amd64_microsoft.windows.common-controls_6595b64144ccf1df_6.0.19041.1110_none_60b5254171f9507e;C:\Program Files\Android\Android Studio\jre\bin\server;C:\Users\Administrator\.gradle\native\e1d6ef7f7dcc3fd88c89a11ec53ec762bb8ba0a96d01ffa2cd45eb1d1d8dd5c5\windows-amd64;C:\Users\Administrator\.gradle\native\0d407fdbe67a94daf76414ababcb853783967236a71b16ec16e742cd7a986fd3\windows-amd64;C:\Users\Administrator\AppData\Local\Temp\native-platform16205393719019821527dir

VM Arguments:
jvm_args: --add-opens=java.base/java.util=ALL-UNNAMED --add-opens=java.base/java.lang=ALL-UNNAMED --add-opens=java.base/java.lang.invoke=ALL-UNNAMED --add-opens=java.base/java.util=ALL-UNNAMED --add-opens=java.prefs/java.util.prefs=ALL-UNNAMED --add-opens=java.prefs/java.util.prefs=ALL-UNNAMED --add-opens=java.base/java.nio.charset=ALL-UNNAMED --add-opens=java.base/java.net=ALL-UNNAMED --add-opens=java.base/java.util.concurrent.atomic=ALL-UNNAMED -Xmx2048m -Dfile.encoding=UTF-8 -Duser.country=US -Duser.language=en -Duser.variant 
java_command: org.gradle.launcher.daemon.bootstrap.GradleDaemon 7.4
java_class_path (initial): C:\Users\Administrator\.gradle\wrapper\dists\gradle-7.4-bin\c0gwcg53nkjbqw7r0h0umtfvt\gradle-7.4\lib\gradle-launcher-7.4.jar
Launcher Type: SUN_STANDARD

[Global flags]
     intx CICompilerCount                          = 3                                         {product} {ergonomic}
     uint ConcGCThreads                            = 1                                         {product} {ergonomic}
     uint G1ConcRefinementThreads                  = 4                                         {product} {ergonomic}
   size_t G1HeapRegionSize                         = 1048576                                   {product} {ergonomic}
    uintx GCDrainStackTargetSize                   = 64                                        {product} {ergonomic}
   size_t InitialHeapSize                          = 201326592                                 {product} {ergonomic}
   size_t MarkStackSize                            = 4194304                                   {product} {ergonomic}
   size_t MaxHeapSize                              = 2147483648                                {product} {command line}
   size_t MaxNewSize                               = 1287651328                                {product} {ergonomic}
   size_t MinHeapDeltaBytes                        = 1048576                                   {product} {ergonomic}
    uintx NonNMethodCodeHeapSize                   = 5830732                                {pd product} {ergonomic}
    uintx NonProfiledCodeHeapSize                  = 122913754                              {pd product} {ergonomic}
    uintx ProfiledCodeHeapSize                     = 122913754                              {pd product} {ergonomic}
    uintx ReservedCodeCacheSize                    = 251658240                              {pd product} {ergonomic}
     bool SegmentedCodeCache                       = true                                      {product} {ergonomic}
     bool UseCompressedClassPointers               = true                                 {lp64_product} {ergonomic}
     bool UseCompressedOops                        = true                                 {lp64_product} {ergonomic}
     bool UseG1GC                                  = true                                      {product} {ergonomic}
     bool UseLargePagesIndividualAllocation        = false                                  {pd product} {ergonomic}

Logging:
Log output configuration:
 #0: stdout all=warning uptime,level,tags
 #1: stderr all=off uptime,level,tags

Environment Variables:
PATH=C:\Program Files\Common Files\Oracle\Java\javapath;C:\Windows\system32;C:\Windows;C:\Windows\System32\Wbem;C:\Windows\System32\WindowsPowerShell\v1.0\;C:\Windows\System32\OpenSSH\;C:\Program Files\Git\cmd;C:\Users\Administrator\AppData\Local\Microsoft\WindowsApps;D:\Microsoft VS Code\bin;C:\Program Files\Java\jdk-19\bin;;C:\Program Files\JetBrains\IntelliJ IDEA Community Edition 2022.3.1\bin;
USERNAME=Administrator
OS=Windows_NT
PROCESSOR_IDENTIFIER=Intel64 Family 6 Model 158 Stepping 9, GenuineIntel



---------------  S Y S T E M  ---------------

OS: Windows 10 , 64 bit Build 19041 (10.0.19041.2364)
OS uptime: 0 days 5:17 hours

CPU:total 4 (initial active 4) (2 cores per cpu, 2 threads per core) family 6 model 158 stepping 9 microcode 0xb4, cmov, cx8, fxsr, mmx, sse, sse2, sse3, ssse3, sse4.1, sse4.2, popcnt, avx, avx2, aes, clmul, erms, 3dnowpref, lzcnt, ht, tsc, tscinvbit, bmi1, bmi2, adx, fma

Memory: 4k page, system-wide physical 12246M (2896M free)
TotalPageFile size 14678M (AvailPageFile size 3027M)
current process WorkingSet (physical memory assigned to process): 530M, peak: 551M
current process commit charge ("private bytes"): 634M, peak: 639M

vm_info: OpenJDK 64-Bit Server VM (11.0.13+0-b1751.21-8125866) for windows-amd64 JRE (11.0.13+0-b1751.21-8125866), built on Feb  2 2022 03:00:22 by "builder" with MS VC++ 14.0 (VS2015)

END.
